25-05-14.13:39:58.543 [main            ] INFO  Application            - Starting Application using Java 1.8.0_202 on LAPTOP-MEFU2P1B with PID 30412 (D:\Code\Develop\Java\xfg\group-buy-market-dcq\group-buy-market-dcq-app\target\classes started by 咳咳 in D:\Code\Develop\Java\xfg\group-buy-market-dcq)
25-05-14.13:39:58.544 [main            ] INFO  Application            - The following 1 profile is active: "dev"
25-05-14.13:39:59.213 [main            ] INFO  RepositoryConfigurationDelegate - Multiple Spring Data modules found, entering strict repository configuration mode
25-05-14.13:39:59.214 [main            ] INFO  RepositoryConfigurationDelegate - Bootstrapping Spring Data Redis repositories in DEFAULT mode.
25-05-14.13:39:59.244 [main            ] INFO  RepositoryConfigurationDelegate - Finished Spring Data repository scanning in 14 ms. Found 0 Redis repository interfaces.
25-05-14.13:39:59.389 [main            ] INFO  PostProcessorRegistrationDelegate$BeanPostProcessorChecker - Bean 'redisClientConfig' of type [org.example.config.RedisClientConfig$$EnhancerBySpringCGLIB$$2089bed2] is not eligible for getting processed by all BeanPostProcessors (for example: not eligible for auto-proxying)
25-05-14.13:39:59.432 [main            ] INFO  PostProcessorRegistrationDelegate$BeanPostProcessorChecker - Bean 'redis.sdk.config-org.example.config.RedisClientConfigProperties' of type [org.example.config.RedisClientConfigProperties] is not eligible for getting processed by all BeanPostProcessors (for example: not eligible for auto-proxying)
25-05-14.13:39:59.628 [main            ] INFO  Version                - Redisson 3.26.0
25-05-14.13:40:00.064 [redisson-netty-1-4] INFO  ConnectionsHolder      - 1 connections initialized for 127.0.0.1/127.0.0.1:6379
25-05-14.13:40:00.074 [redisson-netty-1-13] INFO  ConnectionsHolder      - 5 connections initialized for 127.0.0.1/127.0.0.1:6379
25-05-14.13:40:00.115 [main            ] INFO  PostProcessorRegistrationDelegate$BeanPostProcessorChecker - Bean 'redissonClient' of type [org.redisson.Redisson] is not eligible for getting processed by all BeanPostProcessors (for example: not eligible for auto-proxying)
25-05-14.13:40:00.251 [main            ] INFO  TomcatWebServer        - Tomcat initialized with port(s): 8091 (http)
25-05-14.13:40:00.255 [main            ] INFO  Http11NioProtocol      - Initializing ProtocolHandler ["http-nio-8091"]
25-05-14.13:40:00.255 [main            ] INFO  StandardService        - Starting service [Tomcat]
25-05-14.13:40:00.255 [main            ] INFO  StandardEngine         - Starting Servlet engine: [Apache Tomcat/9.0.75]
25-05-14.13:40:00.314 [main            ] INFO  [/]                    - Initializing Spring embedded WebApplicationContext
25-05-14.13:40:00.314 [main            ] INFO  ServletWebServerApplicationContext - Root WebApplicationContext: initialization completed in 1736 ms
25-05-14.13:40:01.556 [main            ] INFO  EndpointLinksResolver  - Exposing 1 endpoint(s) beneath base path '/actuator'
25-05-14.13:40:01.574 [main            ] INFO  Http11NioProtocol      - Starting ProtocolHandler ["http-nio-8091"]
25-05-14.13:40:01.580 [main            ] INFO  TomcatWebServer        - Tomcat started on port(s): 8091 (http) with context path ''
25-05-14.13:40:01.589 [main            ] INFO  Application            - Started Application in 3.286 seconds (JVM running for 3.828)
25-05-14.13:40:15.011 [scheduling-1    ] INFO  TradeSettlementOrderService - 拼团交易-执行结算通知任务
25-05-14.13:40:15.035 [scheduling-1    ] INFO  HikariDataSource       - HikariPool-1 - Starting...
25-05-14.13:40:15.259 [scheduling-1    ] INFO  HikariDataSource       - HikariPool-1 - Start completed.
25-05-14.13:40:15.346 [scheduling-1    ] INFO  GroupBuyNotifyJob      - 定时任务，回调通知拼团完结任务 result:{"retryCount":0,"successCount":0,"waitCount":0,"errorCount":0}
25-05-14.13:40:18.312 [http-nio-8091-exec-1] INFO  [/]                    - Initializing Spring DispatcherServlet 'dispatcherServlet'
25-05-14.13:40:18.312 [http-nio-8091-exec-1] INFO  DispatcherServlet      - Initializing Servlet 'dispatcherServlet'
25-05-14.13:40:18.312 [http-nio-8091-exec-1] INFO  DispatcherServlet      - Completed initialization in 0 ms
25-05-14.13:40:18.350 [http-nio-8091-exec-1] INFO  MarketTradeController  - 营销交易锁单:xiaofuge05 LockMarketPayOrderRequestDTO:{"activityId":100123,"channel":"c01","goodsId":"9890001","notifyUrl":"http://127.0.0.1:8080/api/v1/test/group_buy_notify","outTradeNo":"821401328039","source":"s01","userId":"xiaofuge05"}
25-05-14.13:40:18.364 [http-nio-8091-exec-1] INFO  MarketNode             - 拼团商品查询试算服务-MarketNode userId:xiaofuge05 requestParameter:{"activityId":100123,"channel":"c01","goodsId":"9890001","source":"s01","userId":"xiaofuge05"}
25-05-14.13:40:18.364 [http-nio-8091-exec-1] INFO  MJCalculateService     - 优惠策略折扣计算:0
25-05-14.13:40:18.368 [http-nio-8091-exec-1] INFO  TradeLockOrderService  - 拼团交易-锁定营销优惠支付订单: xiaofuge05 activityId: 100123 goodsId: 9890001
25-05-14.13:40:18.369 [http-nio-8091-exec-1] INFO  ActivityUsabilityRuleFilter - 交易规则过滤-活动的可用性校验xiaofuge05 activityId: 100123
25-05-14.13:40:18.370 [http-nio-8091-exec-1] INFO  UserTakeLimitRuleFilter - 交易规则过滤-用户参与次数校验xiaofuge05 activityId: 100123
25-05-14.13:40:18.389 [http-nio-8091-exec-1] INFO  MarketTradeController  - 交易锁单记录(新):xiaofuge05 marketPayOrderEntity:{"deductionPrice":10.00,"orderId":"200110292468","originalPrice":100.00,"payPrice":90.00,"teamId":"28192461","tradeOrderStatusEnumVO":"CREATE"}
25-05-14.13:40:30.015 [scheduling-1    ] INFO  TradeSettlementOrderService - 拼团交易-执行结算通知任务
25-05-14.13:40:30.016 [scheduling-1    ] INFO  GroupBuyNotifyJob      - 定时任务，回调通知拼团完结任务 result:{"retryCount":0,"successCount":0,"waitCount":0,"errorCount":0}
25-05-14.13:40:45.007 [scheduling-1    ] INFO  TradeSettlementOrderService - 拼团交易-执行结算通知任务
25-05-14.13:40:45.009 [scheduling-1    ] INFO  GroupBuyNotifyJob      - 定时任务，回调通知拼团完结任务 result:{"retryCount":0,"successCount":0,"waitCount":0,"errorCount":0}
25-05-14.13:41:00.014 [scheduling-1    ] INFO  TradeSettlementOrderService - 拼团交易-执行结算通知任务
25-05-14.13:41:00.015 [scheduling-1    ] INFO  GroupBuyNotifyJob      - 定时任务，回调通知拼团完结任务 result:{"retryCount":0,"successCount":0,"waitCount":0,"errorCount":0}
25-05-14.13:41:15.012 [scheduling-1    ] INFO  TradeSettlementOrderService - 拼团交易-执行结算通知任务
25-05-14.13:41:15.013 [scheduling-1    ] INFO  GroupBuyNotifyJob      - 定时任务，回调通知拼团完结任务 result:{"retryCount":0,"successCount":0,"waitCount":0,"errorCount":0}
25-05-14.13:41:30.011 [scheduling-1    ] INFO  TradeSettlementOrderService - 拼团交易-执行结算通知任务
25-05-14.13:41:30.015 [scheduling-1    ] INFO  GroupBuyNotifyJob      - 定时任务，回调通知拼团完结任务 result:{"retryCount":0,"successCount":0,"waitCount":0,"errorCount":0}
25-05-14.13:41:45.016 [scheduling-1    ] INFO  TradeSettlementOrderService - 拼团交易-执行结算通知任务
25-05-14.13:41:45.017 [scheduling-1    ] INFO  GroupBuyNotifyJob      - 定时任务，回调通知拼团完结任务 result:{"retryCount":0,"successCount":0,"waitCount":0,"errorCount":0}
25-05-14.13:42:00.005 [scheduling-1    ] INFO  TradeSettlementOrderService - 拼团交易-执行结算通知任务
25-05-14.13:42:00.007 [scheduling-1    ] INFO  GroupBuyNotifyJob      - 定时任务，回调通知拼团完结任务 result:{"retryCount":0,"successCount":0,"waitCount":0,"errorCount":0}
25-05-14.13:42:15.001 [scheduling-1    ] INFO  TradeSettlementOrderService - 拼团交易-执行结算通知任务
25-05-14.13:42:15.002 [scheduling-1    ] INFO  GroupBuyNotifyJob      - 定时任务，回调通知拼团完结任务 result:{"retryCount":0,"successCount":0,"waitCount":0,"errorCount":0}
25-05-14.13:42:30.011 [scheduling-1    ] INFO  TradeSettlementOrderService - 拼团交易-执行结算通知任务
25-05-14.13:42:30.012 [scheduling-1    ] INFO  GroupBuyNotifyJob      - 定时任务，回调通知拼团完结任务 result:{"retryCount":0,"successCount":0,"waitCount":0,"errorCount":0}
25-05-14.13:42:45.002 [scheduling-1    ] INFO  TradeSettlementOrderService - 拼团交易-执行结算通知任务
25-05-14.13:42:45.003 [scheduling-1    ] INFO  GroupBuyNotifyJob      - 定时任务，回调通知拼团完结任务 result:{"retryCount":0,"successCount":0,"waitCount":0,"errorCount":0}
25-05-14.13:43:00.011 [scheduling-1    ] INFO  TradeSettlementOrderService - 拼团交易-执行结算通知任务
25-05-14.13:43:00.012 [scheduling-1    ] INFO  GroupBuyNotifyJob      - 定时任务，回调通知拼团完结任务 result:{"retryCount":0,"successCount":0,"waitCount":0,"errorCount":0}
25-05-14.13:43:15.002 [scheduling-1    ] INFO  TradeSettlementOrderService - 拼团交易-执行结算通知任务
25-05-14.13:43:15.004 [scheduling-1    ] INFO  GroupBuyNotifyJob      - 定时任务，回调通知拼团完结任务 result:{"retryCount":0,"successCount":0,"waitCount":0,"errorCount":0}
25-05-14.13:43:30.008 [scheduling-1    ] INFO  TradeSettlementOrderService - 拼团交易-执行结算通知任务
25-05-14.13:43:30.009 [scheduling-1    ] INFO  GroupBuyNotifyJob      - 定时任务，回调通知拼团完结任务 result:{"retryCount":0,"successCount":0,"waitCount":0,"errorCount":0}
25-05-14.13:43:45.004 [scheduling-1    ] INFO  TradeSettlementOrderService - 拼团交易-执行结算通知任务
25-05-14.13:43:45.005 [scheduling-1    ] INFO  GroupBuyNotifyJob      - 定时任务，回调通知拼团完结任务 result:{"retryCount":0,"successCount":0,"waitCount":0,"errorCount":0}
25-05-14.13:44:00.015 [scheduling-1    ] INFO  TradeSettlementOrderService - 拼团交易-执行结算通知任务
25-05-14.13:44:00.017 [scheduling-1    ] INFO  GroupBuyNotifyJob      - 定时任务，回调通知拼团完结任务 result:{"retryCount":0,"successCount":0,"waitCount":0,"errorCount":0}
25-05-14.13:44:15.004 [scheduling-1    ] INFO  TradeSettlementOrderService - 拼团交易-执行结算通知任务
25-05-14.13:44:15.007 [scheduling-1    ] INFO  GroupBuyNotifyJob      - 定时任务，回调通知拼团完结任务 result:{"retryCount":0,"successCount":0,"waitCount":0,"errorCount":0}
25-05-14.13:44:30.013 [scheduling-1    ] INFO  TradeSettlementOrderService - 拼团交易-执行结算通知任务
25-05-14.13:44:30.015 [scheduling-1    ] INFO  GroupBuyNotifyJob      - 定时任务，回调通知拼团完结任务 result:{"retryCount":0,"successCount":0,"waitCount":0,"errorCount":0}
25-05-14.13:44:45.003 [scheduling-1    ] INFO  TradeSettlementOrderService - 拼团交易-执行结算通知任务
25-05-14.13:44:45.004 [scheduling-1    ] INFO  GroupBuyNotifyJob      - 定时任务，回调通知拼团完结任务 result:{"retryCount":0,"successCount":0,"waitCount":0,"errorCount":0}
25-05-14.13:45:00.004 [scheduling-1    ] INFO  TradeSettlementOrderService - 拼团交易-执行结算通知任务
25-05-14.13:45:00.005 [scheduling-1    ] INFO  GroupBuyNotifyJob      - 定时任务，回调通知拼团完结任务 result:{"retryCount":0,"successCount":0,"waitCount":0,"errorCount":0}
25-05-14.13:45:15.008 [scheduling-1    ] INFO  TradeSettlementOrderService - 拼团交易-执行结算通知任务
25-05-14.13:45:15.011 [scheduling-1    ] INFO  GroupBuyNotifyJob      - 定时任务，回调通知拼团完结任务 result:{"retryCount":0,"successCount":0,"waitCount":0,"errorCount":0}
25-05-14.13:45:30.015 [scheduling-1    ] INFO  TradeSettlementOrderService - 拼团交易-执行结算通知任务
25-05-14.13:45:30.018 [scheduling-1    ] INFO  GroupBuyNotifyJob      - 定时任务，回调通知拼团完结任务 result:{"retryCount":0,"successCount":0,"waitCount":0,"errorCount":0}
25-05-14.13:45:45.013 [scheduling-1    ] INFO  TradeSettlementOrderService - 拼团交易-执行结算通知任务
25-05-14.13:45:45.015 [scheduling-1    ] INFO  GroupBuyNotifyJob      - 定时任务，回调通知拼团完结任务 result:{"retryCount":0,"successCount":0,"waitCount":0,"errorCount":0}
25-05-14.13:46:00.015 [scheduling-1    ] INFO  TradeSettlementOrderService - 拼团交易-执行结算通知任务
25-05-14.13:46:00.016 [scheduling-1    ] INFO  GroupBuyNotifyJob      - 定时任务，回调通知拼团完结任务 result:{"retryCount":0,"successCount":0,"waitCount":0,"errorCount":0}
25-05-14.13:46:15.010 [scheduling-1    ] INFO  TradeSettlementOrderService - 拼团交易-执行结算通知任务
25-05-14.13:46:15.011 [scheduling-1    ] INFO  GroupBuyNotifyJob      - 定时任务，回调通知拼团完结任务 result:{"retryCount":0,"successCount":0,"waitCount":0,"errorCount":0}
25-05-14.13:46:30.002 [scheduling-1    ] INFO  TradeSettlementOrderService - 拼团交易-执行结算通知任务
25-05-14.13:46:30.003 [scheduling-1    ] INFO  GroupBuyNotifyJob      - 定时任务，回调通知拼团完结任务 result:{"retryCount":0,"successCount":0,"waitCount":0,"errorCount":0}
25-05-14.13:46:45.011 [scheduling-1    ] INFO  TradeSettlementOrderService - 拼团交易-执行结算通知任务
25-05-14.13:46:45.012 [scheduling-1    ] INFO  GroupBuyNotifyJob      - 定时任务，回调通知拼团完结任务 result:{"retryCount":0,"successCount":0,"waitCount":0,"errorCount":0}
25-05-14.13:47:00.007 [scheduling-1    ] INFO  TradeSettlementOrderService - 拼团交易-执行结算通知任务
25-05-14.13:47:00.009 [scheduling-1    ] INFO  GroupBuyNotifyJob      - 定时任务，回调通知拼团完结任务 result:{"retryCount":0,"successCount":0,"waitCount":0,"errorCount":0}
25-05-14.13:47:15.015 [scheduling-1    ] INFO  TradeSettlementOrderService - 拼团交易-执行结算通知任务
25-05-14.13:47:15.017 [scheduling-1    ] INFO  GroupBuyNotifyJob      - 定时任务，回调通知拼团完结任务 result:{"retryCount":0,"successCount":0,"waitCount":0,"errorCount":0}
25-05-14.13:47:30.009 [scheduling-1    ] INFO  TradeSettlementOrderService - 拼团交易-执行结算通知任务
25-05-14.13:47:30.011 [scheduling-1    ] INFO  GroupBuyNotifyJob      - 定时任务，回调通知拼团完结任务 result:{"retryCount":0,"successCount":0,"waitCount":0,"errorCount":0}
25-05-14.13:47:45.002 [scheduling-1    ] INFO  TradeSettlementOrderService - 拼团交易-执行结算通知任务
25-05-14.13:47:45.003 [scheduling-1    ] INFO  GroupBuyNotifyJob      - 定时任务，回调通知拼团完结任务 result:{"retryCount":0,"successCount":0,"waitCount":0,"errorCount":0}
25-05-14.13:48:00.001 [scheduling-1    ] INFO  TradeSettlementOrderService - 拼团交易-执行结算通知任务
25-05-14.13:48:00.003 [scheduling-1    ] INFO  GroupBuyNotifyJob      - 定时任务，回调通知拼团完结任务 result:{"retryCount":0,"successCount":0,"waitCount":0,"errorCount":0}
25-05-14.13:48:15.010 [scheduling-1    ] INFO  TradeSettlementOrderService - 拼团交易-执行结算通知任务
25-05-14.13:48:15.012 [scheduling-1    ] INFO  GroupBuyNotifyJob      - 定时任务，回调通知拼团完结任务 result:{"retryCount":0,"successCount":0,"waitCount":0,"errorCount":0}
25-05-14.13:48:30.008 [scheduling-1    ] INFO  TradeSettlementOrderService - 拼团交易-执行结算通知任务
25-05-14.13:48:30.012 [scheduling-1    ] INFO  GroupBuyNotifyJob      - 定时任务，回调通知拼团完结任务 result:{"retryCount":0,"successCount":0,"waitCount":0,"errorCount":0}
25-05-14.13:48:45.006 [scheduling-1    ] INFO  TradeSettlementOrderService - 拼团交易-执行结算通知任务
25-05-14.13:48:45.007 [scheduling-1    ] INFO  GroupBuyNotifyJob      - 定时任务，回调通知拼团完结任务 result:{"retryCount":0,"successCount":0,"waitCount":0,"errorCount":0}
25-05-14.13:49:00.002 [scheduling-1    ] INFO  TradeSettlementOrderService - 拼团交易-执行结算通知任务
25-05-14.13:49:00.003 [scheduling-1    ] INFO  GroupBuyNotifyJob      - 定时任务，回调通知拼团完结任务 result:{"retryCount":0,"successCount":0,"waitCount":0,"errorCount":0}
25-05-14.13:49:15.010 [scheduling-1    ] INFO  TradeSettlementOrderService - 拼团交易-执行结算通知任务
25-05-14.13:49:15.011 [scheduling-1    ] INFO  GroupBuyNotifyJob      - 定时任务，回调通知拼团完结任务 result:{"retryCount":0,"successCount":0,"waitCount":0,"errorCount":0}
25-05-14.13:49:30.014 [scheduling-1    ] INFO  TradeSettlementOrderService - 拼团交易-执行结算通知任务
25-05-14.13:49:30.016 [scheduling-1    ] INFO  GroupBuyNotifyJob      - 定时任务，回调通知拼团完结任务 result:{"retryCount":0,"successCount":0,"waitCount":0,"errorCount":0}
25-05-14.13:49:45.009 [scheduling-1    ] INFO  TradeSettlementOrderService - 拼团交易-执行结算通知任务
25-05-14.13:49:45.011 [scheduling-1    ] INFO  GroupBuyNotifyJob      - 定时任务，回调通知拼团完结任务 result:{"retryCount":0,"successCount":0,"waitCount":0,"errorCount":0}
25-05-14.13:50:00.014 [scheduling-1    ] INFO  TradeSettlementOrderService - 拼团交易-执行结算通知任务
25-05-14.13:50:00.016 [scheduling-1    ] INFO  GroupBuyNotifyJob      - 定时任务，回调通知拼团完结任务 result:{"retryCount":0,"successCount":0,"waitCount":0,"errorCount":0}
25-05-14.13:50:15.004 [scheduling-1    ] INFO  TradeSettlementOrderService - 拼团交易-执行结算通知任务
25-05-14.13:50:15.007 [scheduling-1    ] INFO  GroupBuyNotifyJob      - 定时任务，回调通知拼团完结任务 result:{"retryCount":0,"successCount":0,"waitCount":0,"errorCount":0}
25-05-14.13:50:30.010 [scheduling-1    ] INFO  TradeSettlementOrderService - 拼团交易-执行结算通知任务
25-05-14.13:50:30.011 [scheduling-1    ] INFO  GroupBuyNotifyJob      - 定时任务，回调通知拼团完结任务 result:{"retryCount":0,"successCount":0,"waitCount":0,"errorCount":0}
25-05-14.13:50:45.015 [scheduling-1    ] INFO  TradeSettlementOrderService - 拼团交易-执行结算通知任务
25-05-14.13:50:45.015 [scheduling-1    ] INFO  GroupBuyNotifyJob      - 定时任务，回调通知拼团完结任务 result:{"retryCount":0,"successCount":0,"waitCount":0,"errorCount":0}
25-05-14.13:51:00.007 [scheduling-1    ] INFO  TradeSettlementOrderService - 拼团交易-执行结算通知任务
25-05-14.13:51:00.009 [scheduling-1    ] INFO  GroupBuyNotifyJob      - 定时任务，回调通知拼团完结任务 result:{"retryCount":0,"successCount":0,"waitCount":0,"errorCount":0}
25-05-14.13:51:15.011 [scheduling-1    ] INFO  TradeSettlementOrderService - 拼团交易-执行结算通知任务
25-05-14.13:51:15.012 [scheduling-1    ] INFO  GroupBuyNotifyJob      - 定时任务，回调通知拼团完结任务 result:{"retryCount":0,"successCount":0,"waitCount":0,"errorCount":0}
25-05-14.13:51:30.008 [scheduling-1    ] INFO  TradeSettlementOrderService - 拼团交易-执行结算通知任务
25-05-14.13:51:30.009 [scheduling-1    ] INFO  GroupBuyNotifyJob      - 定时任务，回调通知拼团完结任务 result:{"retryCount":0,"successCount":0,"waitCount":0,"errorCount":0}
25-05-14.13:51:45.002 [scheduling-1    ] INFO  TradeSettlementOrderService - 拼团交易-执行结算通知任务
25-05-14.13:51:45.003 [scheduling-1    ] INFO  GroupBuyNotifyJob      - 定时任务，回调通知拼团完结任务 result:{"retryCount":0,"successCount":0,"waitCount":0,"errorCount":0}
25-05-14.13:52:00.005 [scheduling-1    ] INFO  TradeSettlementOrderService - 拼团交易-执行结算通知任务
25-05-14.13:52:00.007 [scheduling-1    ] INFO  GroupBuyNotifyJob      - 定时任务，回调通知拼团完结任务 result:{"retryCount":0,"successCount":0,"waitCount":0,"errorCount":0}
25-05-14.13:52:15.001 [scheduling-1    ] INFO  TradeSettlementOrderService - 拼团交易-执行结算通知任务
25-05-14.13:52:15.003 [scheduling-1    ] INFO  GroupBuyNotifyJob      - 定时任务，回调通知拼团完结任务 result:{"retryCount":0,"successCount":0,"waitCount":0,"errorCount":0}
25-05-14.13:52:30.006 [scheduling-1    ] INFO  TradeSettlementOrderService - 拼团交易-执行结算通知任务
25-05-14.13:52:30.009 [scheduling-1    ] INFO  GroupBuyNotifyJob      - 定时任务，回调通知拼团完结任务 result:{"retryCount":0,"successCount":0,"waitCount":0,"errorCount":0}
25-05-14.13:52:45.008 [scheduling-1    ] INFO  TradeSettlementOrderService - 拼团交易-执行结算通知任务
25-05-14.13:52:45.010 [scheduling-1    ] INFO  GroupBuyNotifyJob      - 定时任务，回调通知拼团完结任务 result:{"retryCount":0,"successCount":0,"waitCount":0,"errorCount":0}
25-05-14.13:53:00.007 [scheduling-1    ] INFO  TradeSettlementOrderService - 拼团交易-执行结算通知任务
25-05-14.13:53:00.010 [scheduling-1    ] INFO  GroupBuyNotifyJob      - 定时任务，回调通知拼团完结任务 result:{"retryCount":0,"successCount":0,"waitCount":0,"errorCount":0}
25-05-14.13:53:15.001 [scheduling-1    ] INFO  TradeSettlementOrderService - 拼团交易-执行结算通知任务
25-05-14.13:53:15.002 [scheduling-1    ] INFO  GroupBuyNotifyJob      - 定时任务，回调通知拼团完结任务 result:{"retryCount":0,"successCount":0,"waitCount":0,"errorCount":0}
25-05-14.13:53:30.013 [scheduling-1    ] INFO  TradeSettlementOrderService - 拼团交易-执行结算通知任务
25-05-14.13:53:30.016 [scheduling-1    ] INFO  GroupBuyNotifyJob      - 定时任务，回调通知拼团完结任务 result:{"retryCount":0,"successCount":0,"waitCount":0,"errorCount":0}
25-05-14.13:53:45.007 [scheduling-1    ] INFO  TradeSettlementOrderService - 拼团交易-执行结算通知任务
25-05-14.13:53:45.009 [scheduling-1    ] INFO  GroupBuyNotifyJob      - 定时任务，回调通知拼团完结任务 result:{"retryCount":0,"successCount":0,"waitCount":0,"errorCount":0}
25-05-14.13:54:00.012 [scheduling-1    ] INFO  TradeSettlementOrderService - 拼团交易-执行结算通知任务
25-05-14.13:54:00.013 [scheduling-1    ] INFO  GroupBuyNotifyJob      - 定时任务，回调通知拼团完结任务 result:{"retryCount":0,"successCount":0,"waitCount":0,"errorCount":0}
25-05-14.13:54:15.012 [scheduling-1    ] INFO  TradeSettlementOrderService - 拼团交易-执行结算通知任务
25-05-14.13:54:15.013 [scheduling-1    ] INFO  GroupBuyNotifyJob      - 定时任务，回调通知拼团完结任务 result:{"retryCount":0,"successCount":0,"waitCount":0,"errorCount":0}
25-05-14.13:54:30.006 [scheduling-1    ] INFO  TradeSettlementOrderService - 拼团交易-执行结算通知任务
25-05-14.13:54:30.007 [scheduling-1    ] INFO  GroupBuyNotifyJob      - 定时任务，回调通知拼团完结任务 result:{"retryCount":0,"successCount":0,"waitCount":0,"errorCount":0}
25-05-14.13:54:45.002 [scheduling-1    ] INFO  TradeSettlementOrderService - 拼团交易-执行结算通知任务
25-05-14.13:54:45.003 [scheduling-1    ] INFO  GroupBuyNotifyJob      - 定时任务，回调通知拼团完结任务 result:{"retryCount":0,"successCount":0,"waitCount":0,"errorCount":0}
25-05-14.13:55:00.015 [scheduling-1    ] INFO  TradeSettlementOrderService - 拼团交易-执行结算通知任务
25-05-14.13:55:00.016 [scheduling-1    ] INFO  GroupBuyNotifyJob      - 定时任务，回调通知拼团完结任务 result:{"retryCount":0,"successCount":0,"waitCount":0,"errorCount":0}
25-05-14.13:55:15.003 [scheduling-1    ] INFO  TradeSettlementOrderService - 拼团交易-执行结算通知任务
25-05-14.13:55:15.004 [scheduling-1    ] INFO  GroupBuyNotifyJob      - 定时任务，回调通知拼团完结任务 result:{"retryCount":0,"successCount":0,"waitCount":0,"errorCount":0}
25-05-14.13:55:30.015 [scheduling-1    ] INFO  TradeSettlementOrderService - 拼团交易-执行结算通知任务
25-05-14.13:55:30.016 [scheduling-1    ] INFO  GroupBuyNotifyJob      - 定时任务，回调通知拼团完结任务 result:{"retryCount":0,"successCount":0,"waitCount":0,"errorCount":0}
25-05-14.13:55:45.013 [scheduling-1    ] INFO  TradeSettlementOrderService - 拼团交易-执行结算通知任务
25-05-14.13:55:45.014 [scheduling-1    ] INFO  GroupBuyNotifyJob      - 定时任务，回调通知拼团完结任务 result:{"retryCount":0,"successCount":0,"waitCount":0,"errorCount":0}
25-05-14.13:56:00.005 [scheduling-1    ] INFO  TradeSettlementOrderService - 拼团交易-执行结算通知任务
25-05-14.13:56:00.006 [scheduling-1    ] INFO  GroupBuyNotifyJob      - 定时任务，回调通知拼团完结任务 result:{"retryCount":0,"successCount":0,"waitCount":0,"errorCount":0}
25-05-14.13:56:15.015 [scheduling-1    ] INFO  TradeSettlementOrderService - 拼团交易-执行结算通知任务
25-05-14.13:56:15.017 [scheduling-1    ] INFO  GroupBuyNotifyJob      - 定时任务，回调通知拼团完结任务 result:{"retryCount":0,"successCount":0,"waitCount":0,"errorCount":0}
25-05-14.13:56:30.010 [scheduling-1    ] INFO  TradeSettlementOrderService - 拼团交易-执行结算通知任务
25-05-14.13:56:30.012 [scheduling-1    ] INFO  GroupBuyNotifyJob      - 定时任务，回调通知拼团完结任务 result:{"retryCount":0,"successCount":0,"waitCount":0,"errorCount":0}
25-05-14.13:56:45.009 [scheduling-1    ] INFO  TradeSettlementOrderService - 拼团交易-执行结算通知任务
25-05-14.13:56:45.010 [scheduling-1    ] INFO  GroupBuyNotifyJob      - 定时任务，回调通知拼团完结任务 result:{"retryCount":0,"successCount":0,"waitCount":0,"errorCount":0}
25-05-14.13:57:00.003 [scheduling-1    ] INFO  TradeSettlementOrderService - 拼团交易-执行结算通知任务
25-05-14.13:57:00.004 [scheduling-1    ] INFO  GroupBuyNotifyJob      - 定时任务，回调通知拼团完结任务 result:{"retryCount":0,"successCount":0,"waitCount":0,"errorCount":0}
25-05-14.13:57:15.014 [scheduling-1    ] INFO  TradeSettlementOrderService - 拼团交易-执行结算通知任务
25-05-14.13:57:15.015 [scheduling-1    ] INFO  GroupBuyNotifyJob      - 定时任务，回调通知拼团完结任务 result:{"retryCount":0,"successCount":0,"waitCount":0,"errorCount":0}
25-05-14.13:57:30.001 [scheduling-1    ] INFO  TradeSettlementOrderService - 拼团交易-执行结算通知任务
25-05-14.13:57:30.002 [scheduling-1    ] INFO  GroupBuyNotifyJob      - 定时任务，回调通知拼团完结任务 result:{"retryCount":0,"successCount":0,"waitCount":0,"errorCount":0}
25-05-14.13:57:45.013 [scheduling-1    ] INFO  TradeSettlementOrderService - 拼团交易-执行结算通知任务
25-05-14.13:57:45.014 [scheduling-1    ] INFO  GroupBuyNotifyJob      - 定时任务，回调通知拼团完结任务 result:{"retryCount":0,"successCount":0,"waitCount":0,"errorCount":0}
25-05-14.13:58:00.011 [scheduling-1    ] INFO  TradeSettlementOrderService - 拼团交易-执行结算通知任务
25-05-14.13:58:00.012 [scheduling-1    ] INFO  GroupBuyNotifyJob      - 定时任务，回调通知拼团完结任务 result:{"retryCount":0,"successCount":0,"waitCount":0,"errorCount":0}
25-05-14.13:58:15.015 [scheduling-1    ] INFO  TradeSettlementOrderService - 拼团交易-执行结算通知任务
25-05-14.13:58:15.016 [scheduling-1    ] INFO  GroupBuyNotifyJob      - 定时任务，回调通知拼团完结任务 result:{"retryCount":0,"successCount":0,"waitCount":0,"errorCount":0}
25-05-14.13:58:30.007 [scheduling-1    ] INFO  TradeSettlementOrderService - 拼团交易-执行结算通知任务
25-05-14.13:58:30.008 [scheduling-1    ] INFO  GroupBuyNotifyJob      - 定时任务，回调通知拼团完结任务 result:{"retryCount":0,"successCount":0,"waitCount":0,"errorCount":0}
25-05-14.13:58:45.004 [scheduling-1    ] INFO  TradeSettlementOrderService - 拼团交易-执行结算通知任务
25-05-14.13:58:45.005 [scheduling-1    ] INFO  GroupBuyNotifyJob      - 定时任务，回调通知拼团完结任务 result:{"retryCount":0,"successCount":0,"waitCount":0,"errorCount":0}
25-05-14.13:59:00.005 [scheduling-1    ] INFO  TradeSettlementOrderService - 拼团交易-执行结算通知任务
25-05-14.13:59:00.006 [scheduling-1    ] INFO  GroupBuyNotifyJob      - 定时任务，回调通知拼团完结任务 result:{"retryCount":0,"successCount":0,"waitCount":0,"errorCount":0}
25-05-14.13:59:15.002 [scheduling-1    ] INFO  TradeSettlementOrderService - 拼团交易-执行结算通知任务
25-05-14.13:59:15.003 [scheduling-1    ] INFO  GroupBuyNotifyJob      - 定时任务，回调通知拼团完结任务 result:{"retryCount":0,"successCount":0,"waitCount":0,"errorCount":0}
25-05-14.13:59:30.008 [scheduling-1    ] INFO  TradeSettlementOrderService - 拼团交易-执行结算通知任务
25-05-14.13:59:30.009 [scheduling-1    ] INFO  GroupBuyNotifyJob      - 定时任务，回调通知拼团完结任务 result:{"retryCount":0,"successCount":0,"waitCount":0,"errorCount":0}
25-05-14.13:59:45.015 [scheduling-1    ] INFO  TradeSettlementOrderService - 拼团交易-执行结算通知任务
25-05-14.13:59:45.016 [scheduling-1    ] INFO  GroupBuyNotifyJob      - 定时任务，回调通知拼团完结任务 result:{"retryCount":0,"successCount":0,"waitCount":0,"errorCount":0}
25-05-14.14:00:00.015 [scheduling-1    ] INFO  TradeSettlementOrderService - 拼团交易-执行结算通知任务
25-05-14.14:00:00.016 [scheduling-1    ] INFO  GroupBuyNotifyJob      - 定时任务，回调通知拼团完结任务 result:{"retryCount":0,"successCount":0,"waitCount":0,"errorCount":0}
25-05-14.14:00:15.005 [scheduling-1    ] INFO  TradeSettlementOrderService - 拼团交易-执行结算通知任务
25-05-14.14:00:15.007 [scheduling-1    ] INFO  GroupBuyNotifyJob      - 定时任务，回调通知拼团完结任务 result:{"retryCount":0,"successCount":0,"waitCount":0,"errorCount":0}
25-05-14.14:00:30.001 [scheduling-1    ] INFO  TradeSettlementOrderService - 拼团交易-执行结算通知任务
25-05-14.14:00:30.002 [scheduling-1    ] INFO  GroupBuyNotifyJob      - 定时任务，回调通知拼团完结任务 result:{"retryCount":0,"successCount":0,"waitCount":0,"errorCount":0}
25-05-14.14:00:45.015 [scheduling-1    ] INFO  TradeSettlementOrderService - 拼团交易-执行结算通知任务
25-05-14.14:00:45.016 [scheduling-1    ] INFO  GroupBuyNotifyJob      - 定时任务，回调通知拼团完结任务 result:{"retryCount":0,"successCount":0,"waitCount":0,"errorCount":0}
25-05-14.14:01:00.005 [scheduling-1    ] INFO  TradeSettlementOrderService - 拼团交易-执行结算通知任务
25-05-14.14:01:00.007 [scheduling-1    ] INFO  GroupBuyNotifyJob      - 定时任务，回调通知拼团完结任务 result:{"retryCount":0,"successCount":0,"waitCount":0,"errorCount":0}
25-05-14.14:01:15.007 [scheduling-1    ] INFO  TradeSettlementOrderService - 拼团交易-执行结算通知任务
25-05-14.14:01:15.009 [scheduling-1    ] INFO  GroupBuyNotifyJob      - 定时任务，回调通知拼团完结任务 result:{"retryCount":0,"successCount":0,"waitCount":0,"errorCount":0}
25-05-14.14:01:30.005 [scheduling-1    ] INFO  TradeSettlementOrderService - 拼团交易-执行结算通知任务
25-05-14.14:01:30.006 [scheduling-1    ] INFO  GroupBuyNotifyJob      - 定时任务，回调通知拼团完结任务 result:{"retryCount":0,"successCount":0,"waitCount":0,"errorCount":0}
25-05-14.14:01:45.014 [scheduling-1    ] INFO  TradeSettlementOrderService - 拼团交易-执行结算通知任务
25-05-14.14:01:45.015 [scheduling-1    ] INFO  GroupBuyNotifyJob      - 定时任务，回调通知拼团完结任务 result:{"retryCount":0,"successCount":0,"waitCount":0,"errorCount":0}
25-05-14.14:02:00.010 [scheduling-1    ] INFO  TradeSettlementOrderService - 拼团交易-执行结算通知任务
25-05-14.14:02:00.011 [scheduling-1    ] INFO  GroupBuyNotifyJob      - 定时任务，回调通知拼团完结任务 result:{"retryCount":0,"successCount":0,"waitCount":0,"errorCount":0}
25-05-14.14:02:15.003 [scheduling-1    ] INFO  TradeSettlementOrderService - 拼团交易-执行结算通知任务
25-05-14.14:02:15.005 [scheduling-1    ] INFO  GroupBuyNotifyJob      - 定时任务，回调通知拼团完结任务 result:{"retryCount":0,"successCount":0,"waitCount":0,"errorCount":0}
25-05-14.14:02:30.006 [scheduling-1    ] INFO  TradeSettlementOrderService - 拼团交易-执行结算通知任务
25-05-14.14:02:30.008 [scheduling-1    ] INFO  GroupBuyNotifyJob      - 定时任务，回调通知拼团完结任务 result:{"retryCount":0,"successCount":0,"waitCount":0,"errorCount":0}
25-05-14.14:02:45.008 [scheduling-1    ] INFO  TradeSettlementOrderService - 拼团交易-执行结算通知任务
25-05-14.14:02:45.009 [scheduling-1    ] INFO  GroupBuyNotifyJob      - 定时任务，回调通知拼团完结任务 result:{"retryCount":0,"successCount":0,"waitCount":0,"errorCount":0}
25-05-14.14:03:00.009 [scheduling-1    ] INFO  TradeSettlementOrderService - 拼团交易-执行结算通知任务
25-05-14.14:03:00.010 [scheduling-1    ] INFO  GroupBuyNotifyJob      - 定时任务，回调通知拼团完结任务 result:{"retryCount":0,"successCount":0,"waitCount":0,"errorCount":0}
25-05-14.14:03:15.005 [scheduling-1    ] INFO  TradeSettlementOrderService - 拼团交易-执行结算通知任务
25-05-14.14:03:15.006 [scheduling-1    ] INFO  GroupBuyNotifyJob      - 定时任务，回调通知拼团完结任务 result:{"retryCount":0,"successCount":0,"waitCount":0,"errorCount":0}
25-05-14.14:03:30.016 [scheduling-1    ] INFO  TradeSettlementOrderService - 拼团交易-执行结算通知任务
25-05-14.14:03:30.018 [scheduling-1    ] INFO  GroupBuyNotifyJob      - 定时任务，回调通知拼团完结任务 result:{"retryCount":0,"successCount":0,"waitCount":0,"errorCount":0}
25-05-14.14:03:45.002 [scheduling-1    ] INFO  TradeSettlementOrderService - 拼团交易-执行结算通知任务
25-05-14.14:03:45.003 [scheduling-1    ] INFO  GroupBuyNotifyJob      - 定时任务，回调通知拼团完结任务 result:{"retryCount":0,"successCount":0,"waitCount":0,"errorCount":0}
25-05-14.14:04:00.009 [scheduling-1    ] INFO  TradeSettlementOrderService - 拼团交易-执行结算通知任务
25-05-14.14:04:00.010 [scheduling-1    ] INFO  GroupBuyNotifyJob      - 定时任务，回调通知拼团完结任务 result:{"retryCount":0,"successCount":0,"waitCount":0,"errorCount":0}
25-05-14.14:04:15.003 [scheduling-1    ] INFO  TradeSettlementOrderService - 拼团交易-执行结算通知任务
25-05-14.14:04:15.005 [scheduling-1    ] INFO  GroupBuyNotifyJob      - 定时任务，回调通知拼团完结任务 result:{"retryCount":0,"successCount":0,"waitCount":0,"errorCount":0}
25-05-14.14:04:30.009 [scheduling-1    ] INFO  TradeSettlementOrderService - 拼团交易-执行结算通知任务
25-05-14.14:04:30.010 [scheduling-1    ] INFO  GroupBuyNotifyJob      - 定时任务，回调通知拼团完结任务 result:{"retryCount":0,"successCount":0,"waitCount":0,"errorCount":0}
25-05-14.14:04:45.014 [scheduling-1    ] INFO  TradeSettlementOrderService - 拼团交易-执行结算通知任务
25-05-14.14:04:45.017 [scheduling-1    ] INFO  GroupBuyNotifyJob      - 定时任务，回调通知拼团完结任务 result:{"retryCount":0,"successCount":0,"waitCount":0,"errorCount":0}
25-05-14.14:05:00.006 [scheduling-1    ] INFO  TradeSettlementOrderService - 拼团交易-执行结算通知任务
25-05-14.14:05:00.007 [scheduling-1    ] INFO  GroupBuyNotifyJob      - 定时任务，回调通知拼团完结任务 result:{"retryCount":0,"successCount":0,"waitCount":0,"errorCount":0}
25-05-14.14:05:15.007 [scheduling-1    ] INFO  TradeSettlementOrderService - 拼团交易-执行结算通知任务
25-05-14.14:05:15.009 [scheduling-1    ] INFO  GroupBuyNotifyJob      - 定时任务，回调通知拼团完结任务 result:{"retryCount":0,"successCount":0,"waitCount":0,"errorCount":0}
25-05-14.14:05:30.008 [scheduling-1    ] INFO  TradeSettlementOrderService - 拼团交易-执行结算通知任务
25-05-14.14:05:30.010 [scheduling-1    ] INFO  GroupBuyNotifyJob      - 定时任务，回调通知拼团完结任务 result:{"retryCount":0,"successCount":0,"waitCount":0,"errorCount":0}
25-05-14.14:05:45.014 [scheduling-1    ] INFO  TradeSettlementOrderService - 拼团交易-执行结算通知任务
25-05-14.14:05:45.015 [scheduling-1    ] INFO  GroupBuyNotifyJob      - 定时任务，回调通知拼团完结任务 result:{"retryCount":0,"successCount":0,"waitCount":0,"errorCount":0}
25-05-14.14:06:00.011 [scheduling-1    ] INFO  TradeSettlementOrderService - 拼团交易-执行结算通知任务
25-05-14.14:06:00.013 [scheduling-1    ] INFO  GroupBuyNotifyJob      - 定时任务，回调通知拼团完结任务 result:{"retryCount":0,"successCount":0,"waitCount":0,"errorCount":0}
25-05-14.14:06:15.001 [scheduling-1    ] INFO  TradeSettlementOrderService - 拼团交易-执行结算通知任务
25-05-14.14:06:15.003 [scheduling-1    ] INFO  GroupBuyNotifyJob      - 定时任务，回调通知拼团完结任务 result:{"retryCount":0,"successCount":0,"waitCount":0,"errorCount":0}
25-05-14.14:06:30.007 [scheduling-1    ] INFO  TradeSettlementOrderService - 拼团交易-执行结算通知任务
25-05-14.14:06:30.009 [scheduling-1    ] INFO  GroupBuyNotifyJob      - 定时任务，回调通知拼团完结任务 result:{"retryCount":0,"successCount":0,"waitCount":0,"errorCount":0}
25-05-14.14:06:45.011 [scheduling-1    ] INFO  TradeSettlementOrderService - 拼团交易-执行结算通知任务
25-05-14.14:06:45.012 [scheduling-1    ] INFO  GroupBuyNotifyJob      - 定时任务，回调通知拼团完结任务 result:{"retryCount":0,"successCount":0,"waitCount":0,"errorCount":0}
25-05-14.14:07:00.011 [scheduling-1    ] INFO  TradeSettlementOrderService - 拼团交易-执行结算通知任务
25-05-14.14:07:00.012 [scheduling-1    ] INFO  GroupBuyNotifyJob      - 定时任务，回调通知拼团完结任务 result:{"retryCount":0,"successCount":0,"waitCount":0,"errorCount":0}
25-05-14.14:07:15.011 [scheduling-1    ] INFO  TradeSettlementOrderService - 拼团交易-执行结算通知任务
25-05-14.14:07:15.013 [scheduling-1    ] INFO  GroupBuyNotifyJob      - 定时任务，回调通知拼团完结任务 result:{"retryCount":0,"successCount":0,"waitCount":0,"errorCount":0}
25-05-14.14:07:30.008 [scheduling-1    ] INFO  TradeSettlementOrderService - 拼团交易-执行结算通知任务
25-05-14.14:07:30.010 [scheduling-1    ] INFO  GroupBuyNotifyJob      - 定时任务，回调通知拼团完结任务 result:{"retryCount":0,"successCount":0,"waitCount":0,"errorCount":0}
25-05-14.14:07:45.002 [scheduling-1    ] INFO  TradeSettlementOrderService - 拼团交易-执行结算通知任务
25-05-14.14:07:45.003 [scheduling-1    ] INFO  GroupBuyNotifyJob      - 定时任务，回调通知拼团完结任务 result:{"retryCount":0,"successCount":0,"waitCount":0,"errorCount":0}
25-05-14.14:08:00.003 [scheduling-1    ] INFO  TradeSettlementOrderService - 拼团交易-执行结算通知任务
25-05-14.14:08:00.004 [scheduling-1    ] INFO  GroupBuyNotifyJob      - 定时任务，回调通知拼团完结任务 result:{"retryCount":0,"successCount":0,"waitCount":0,"errorCount":0}
25-05-14.14:08:15.006 [scheduling-1    ] INFO  TradeSettlementOrderService - 拼团交易-执行结算通知任务
25-05-14.14:08:15.007 [scheduling-1    ] INFO  GroupBuyNotifyJob      - 定时任务，回调通知拼团完结任务 result:{"retryCount":0,"successCount":0,"waitCount":0,"errorCount":0}
25-05-14.14:08:30.013 [scheduling-1    ] INFO  TradeSettlementOrderService - 拼团交易-执行结算通知任务
25-05-14.14:08:30.014 [scheduling-1    ] INFO  GroupBuyNotifyJob      - 定时任务，回调通知拼团完结任务 result:{"retryCount":0,"successCount":0,"waitCount":0,"errorCount":0}
25-05-14.14:08:45.004 [scheduling-1    ] INFO  TradeSettlementOrderService - 拼团交易-执行结算通知任务
25-05-14.14:08:45.005 [scheduling-1    ] INFO  GroupBuyNotifyJob      - 定时任务，回调通知拼团完结任务 result:{"retryCount":0,"successCount":0,"waitCount":0,"errorCount":0}
25-05-14.14:09:00.010 [scheduling-1    ] INFO  TradeSettlementOrderService - 拼团交易-执行结算通知任务
25-05-14.14:09:00.012 [scheduling-1    ] INFO  GroupBuyNotifyJob      - 定时任务，回调通知拼团完结任务 result:{"retryCount":0,"successCount":0,"waitCount":0,"errorCount":0}
25-05-14.14:09:15.001 [scheduling-1    ] INFO  TradeSettlementOrderService - 拼团交易-执行结算通知任务
25-05-14.14:09:15.003 [scheduling-1    ] INFO  GroupBuyNotifyJob      - 定时任务，回调通知拼团完结任务 result:{"retryCount":0,"successCount":0,"waitCount":0,"errorCount":0}
25-05-14.14:09:30.007 [scheduling-1    ] INFO  TradeSettlementOrderService - 拼团交易-执行结算通知任务
25-05-14.14:09:30.011 [scheduling-1    ] INFO  GroupBuyNotifyJob      - 定时任务，回调通知拼团完结任务 result:{"retryCount":0,"successCount":0,"waitCount":0,"errorCount":0}
25-05-14.14:09:45.007 [scheduling-1    ] INFO  TradeSettlementOrderService - 拼团交易-执行结算通知任务
25-05-14.14:09:45.008 [scheduling-1    ] INFO  GroupBuyNotifyJob      - 定时任务，回调通知拼团完结任务 result:{"retryCount":0,"successCount":0,"waitCount":0,"errorCount":0}
25-05-14.14:10:00.009 [scheduling-1    ] INFO  TradeSettlementOrderService - 拼团交易-执行结算通知任务
25-05-14.14:10:00.015 [scheduling-1    ] INFO  GroupBuyNotifyJob      - 定时任务，回调通知拼团完结任务 result:{"retryCount":0,"successCount":0,"waitCount":0,"errorCount":0}
25-05-14.14:10:15.005 [scheduling-1    ] INFO  TradeSettlementOrderService - 拼团交易-执行结算通知任务
25-05-14.14:10:15.007 [scheduling-1    ] INFO  GroupBuyNotifyJob      - 定时任务，回调通知拼团完结任务 result:{"retryCount":0,"successCount":0,"waitCount":0,"errorCount":0}
25-05-14.14:10:30.010 [scheduling-1    ] INFO  TradeSettlementOrderService - 拼团交易-执行结算通知任务
25-05-14.14:10:30.011 [scheduling-1    ] INFO  GroupBuyNotifyJob      - 定时任务，回调通知拼团完结任务 result:{"retryCount":0,"successCount":0,"waitCount":0,"errorCount":0}
25-05-14.14:10:45.010 [scheduling-1    ] INFO  TradeSettlementOrderService - 拼团交易-执行结算通知任务
25-05-14.14:10:45.012 [scheduling-1    ] INFO  GroupBuyNotifyJob      - 定时任务，回调通知拼团完结任务 result:{"retryCount":0,"successCount":0,"waitCount":0,"errorCount":0}
25-05-14.14:11:00.006 [scheduling-1    ] INFO  TradeSettlementOrderService - 拼团交易-执行结算通知任务
25-05-14.14:11:00.007 [scheduling-1    ] INFO  GroupBuyNotifyJob      - 定时任务，回调通知拼团完结任务 result:{"retryCount":0,"successCount":0,"waitCount":0,"errorCount":0}
25-05-14.14:11:15.014 [scheduling-1    ] INFO  TradeSettlementOrderService - 拼团交易-执行结算通知任务
25-05-14.14:11:15.016 [scheduling-1    ] INFO  GroupBuyNotifyJob      - 定时任务，回调通知拼团完结任务 result:{"retryCount":0,"successCount":0,"waitCount":0,"errorCount":0}
25-05-14.14:11:30.002 [scheduling-1    ] INFO  TradeSettlementOrderService - 拼团交易-执行结算通知任务
25-05-14.14:11:30.002 [scheduling-1    ] INFO  GroupBuyNotifyJob      - 定时任务，回调通知拼团完结任务 result:{"retryCount":0,"successCount":0,"waitCount":0,"errorCount":0}
25-05-14.14:11:45.008 [scheduling-1    ] INFO  TradeSettlementOrderService - 拼团交易-执行结算通知任务
25-05-14.14:11:45.009 [scheduling-1    ] INFO  GroupBuyNotifyJob      - 定时任务，回调通知拼团完结任务 result:{"retryCount":0,"successCount":0,"waitCount":0,"errorCount":0}
25-05-14.14:12:00.007 [scheduling-1    ] INFO  TradeSettlementOrderService - 拼团交易-执行结算通知任务
25-05-14.14:12:00.008 [scheduling-1    ] INFO  GroupBuyNotifyJob      - 定时任务，回调通知拼团完结任务 result:{"retryCount":0,"successCount":0,"waitCount":0,"errorCount":0}
25-05-14.14:12:15.014 [scheduling-1    ] INFO  TradeSettlementOrderService - 拼团交易-执行结算通知任务
25-05-14.14:12:15.016 [scheduling-1    ] INFO  GroupBuyNotifyJob      - 定时任务，回调通知拼团完结任务 result:{"retryCount":0,"successCount":0,"waitCount":0,"errorCount":0}
25-05-14.14:12:30.005 [scheduling-1    ] INFO  TradeSettlementOrderService - 拼团交易-执行结算通知任务
25-05-14.14:12:30.007 [scheduling-1    ] INFO  GroupBuyNotifyJob      - 定时任务，回调通知拼团完结任务 result:{"retryCount":0,"successCount":0,"waitCount":0,"errorCount":0}
25-05-14.14:12:45.013 [scheduling-1    ] INFO  TradeSettlementOrderService - 拼团交易-执行结算通知任务
25-05-14.14:12:45.016 [scheduling-1    ] INFO  GroupBuyNotifyJob      - 定时任务，回调通知拼团完结任务 result:{"retryCount":0,"successCount":0,"waitCount":0,"errorCount":0}
25-05-14.14:13:00.004 [scheduling-1    ] INFO  TradeSettlementOrderService - 拼团交易-执行结算通知任务
25-05-14.14:13:00.006 [scheduling-1    ] INFO  GroupBuyNotifyJob      - 定时任务，回调通知拼团完结任务 result:{"retryCount":0,"successCount":0,"waitCount":0,"errorCount":0}
25-05-14.14:13:15.015 [scheduling-1    ] INFO  TradeSettlementOrderService - 拼团交易-执行结算通知任务
25-05-14.14:13:15.016 [scheduling-1    ] INFO  GroupBuyNotifyJob      - 定时任务，回调通知拼团完结任务 result:{"retryCount":0,"successCount":0,"waitCount":0,"errorCount":0}
25-05-14.14:13:30.001 [scheduling-1    ] INFO  TradeSettlementOrderService - 拼团交易-执行结算通知任务
25-05-14.14:13:30.002 [scheduling-1    ] INFO  GroupBuyNotifyJob      - 定时任务，回调通知拼团完结任务 result:{"retryCount":0,"successCount":0,"waitCount":0,"errorCount":0}
25-05-14.14:13:45.009 [scheduling-1    ] INFO  TradeSettlementOrderService - 拼团交易-执行结算通知任务
25-05-14.14:13:45.010 [scheduling-1    ] INFO  GroupBuyNotifyJob      - 定时任务，回调通知拼团完结任务 result:{"retryCount":0,"successCount":0,"waitCount":0,"errorCount":0}
25-05-14.14:14:00.013 [scheduling-1    ] INFO  TradeSettlementOrderService - 拼团交易-执行结算通知任务
25-05-14.14:14:00.014 [scheduling-1    ] INFO  GroupBuyNotifyJob      - 定时任务，回调通知拼团完结任务 result:{"retryCount":0,"successCount":0,"waitCount":0,"errorCount":0}
25-05-14.14:14:15.012 [scheduling-1    ] INFO  TradeSettlementOrderService - 拼团交易-执行结算通知任务
25-05-14.14:14:15.012 [scheduling-1    ] INFO  GroupBuyNotifyJob      - 定时任务，回调通知拼团完结任务 result:{"retryCount":0,"successCount":0,"waitCount":0,"errorCount":0}
25-05-14.14:14:30.014 [scheduling-1    ] INFO  TradeSettlementOrderService - 拼团交易-执行结算通知任务
25-05-14.14:14:30.017 [scheduling-1    ] INFO  GroupBuyNotifyJob      - 定时任务，回调通知拼团完结任务 result:{"retryCount":0,"successCount":0,"waitCount":0,"errorCount":0}
25-05-14.14:14:45.005 [scheduling-1    ] INFO  TradeSettlementOrderService - 拼团交易-执行结算通知任务
25-05-14.14:14:45.007 [scheduling-1    ] INFO  GroupBuyNotifyJob      - 定时任务，回调通知拼团完结任务 result:{"retryCount":0,"successCount":0,"waitCount":0,"errorCount":0}
25-05-14.14:15:00.003 [scheduling-1    ] INFO  TradeSettlementOrderService - 拼团交易-执行结算通知任务
25-05-14.14:15:00.005 [scheduling-1    ] INFO  GroupBuyNotifyJob      - 定时任务，回调通知拼团完结任务 result:{"retryCount":0,"successCount":0,"waitCount":0,"errorCount":0}
25-05-14.14:15:15.008 [scheduling-1    ] INFO  TradeSettlementOrderService - 拼团交易-执行结算通知任务
25-05-14.14:15:15.010 [scheduling-1    ] INFO  GroupBuyNotifyJob      - 定时任务，回调通知拼团完结任务 result:{"retryCount":0,"successCount":0,"waitCount":0,"errorCount":0}
25-05-14.14:15:30.014 [scheduling-1    ] INFO  TradeSettlementOrderService - 拼团交易-执行结算通知任务
25-05-14.14:15:30.015 [scheduling-1    ] INFO  GroupBuyNotifyJob      - 定时任务，回调通知拼团完结任务 result:{"retryCount":0,"successCount":0,"waitCount":0,"errorCount":0}
25-05-14.14:15:45.014 [scheduling-1    ] INFO  TradeSettlementOrderService - 拼团交易-执行结算通知任务
25-05-14.14:15:45.015 [scheduling-1    ] INFO  GroupBuyNotifyJob      - 定时任务，回调通知拼团完结任务 result:{"retryCount":0,"successCount":0,"waitCount":0,"errorCount":0}
25-05-14.14:16:00.014 [scheduling-1    ] INFO  TradeSettlementOrderService - 拼团交易-执行结算通知任务
25-05-14.14:16:00.015 [scheduling-1    ] INFO  GroupBuyNotifyJob      - 定时任务，回调通知拼团完结任务 result:{"retryCount":0,"successCount":0,"waitCount":0,"errorCount":0}
25-05-14.14:16:15.014 [scheduling-1    ] INFO  TradeSettlementOrderService - 拼团交易-执行结算通知任务
25-05-14.14:16:15.016 [scheduling-1    ] INFO  GroupBuyNotifyJob      - 定时任务，回调通知拼团完结任务 result:{"retryCount":0,"successCount":0,"waitCount":0,"errorCount":0}
25-05-14.14:16:30.010 [scheduling-1    ] INFO  TradeSettlementOrderService - 拼团交易-执行结算通知任务
25-05-14.14:16:30.012 [scheduling-1    ] INFO  GroupBuyNotifyJob      - 定时任务，回调通知拼团完结任务 result:{"retryCount":0,"successCount":0,"waitCount":0,"errorCount":0}
25-05-14.14:16:45.003 [scheduling-1    ] INFO  TradeSettlementOrderService - 拼团交易-执行结算通知任务
25-05-14.14:16:45.004 [scheduling-1    ] INFO  GroupBuyNotifyJob      - 定时任务，回调通知拼团完结任务 result:{"retryCount":0,"successCount":0,"waitCount":0,"errorCount":0}
25-05-14.14:17:00.013 [scheduling-1    ] INFO  TradeSettlementOrderService - 拼团交易-执行结算通知任务
25-05-14.14:17:00.015 [scheduling-1    ] INFO  GroupBuyNotifyJob      - 定时任务，回调通知拼团完结任务 result:{"retryCount":0,"successCount":0,"waitCount":0,"errorCount":0}
25-05-14.14:17:15.008 [scheduling-1    ] INFO  TradeSettlementOrderService - 拼团交易-执行结算通知任务
25-05-14.14:17:15.009 [scheduling-1    ] INFO  GroupBuyNotifyJob      - 定时任务，回调通知拼团完结任务 result:{"retryCount":0,"successCount":0,"waitCount":0,"errorCount":0}
25-05-14.14:17:30.011 [scheduling-1    ] INFO  TradeSettlementOrderService - 拼团交易-执行结算通知任务
25-05-14.14:17:30.011 [scheduling-1    ] INFO  GroupBuyNotifyJob      - 定时任务，回调通知拼团完结任务 result:{"retryCount":0,"successCount":0,"waitCount":0,"errorCount":0}
25-05-14.14:17:45.008 [scheduling-1    ] INFO  TradeSettlementOrderService - 拼团交易-执行结算通知任务
25-05-14.14:17:45.009 [scheduling-1    ] INFO  GroupBuyNotifyJob      - 定时任务，回调通知拼团完结任务 result:{"retryCount":0,"successCount":0,"waitCount":0,"errorCount":0}
25-05-14.14:18:00.003 [scheduling-1    ] INFO  TradeSettlementOrderService - 拼团交易-执行结算通知任务
25-05-14.14:18:00.004 [scheduling-1    ] INFO  GroupBuyNotifyJob      - 定时任务，回调通知拼团完结任务 result:{"retryCount":0,"successCount":0,"waitCount":0,"errorCount":0}
25-05-14.14:18:15.001 [scheduling-1    ] INFO  TradeSettlementOrderService - 拼团交易-执行结算通知任务
25-05-14.14:18:15.003 [scheduling-1    ] INFO  GroupBuyNotifyJob      - 定时任务，回调通知拼团完结任务 result:{"retryCount":0,"successCount":0,"waitCount":0,"errorCount":0}
25-05-14.14:18:30.012 [scheduling-1    ] INFO  TradeSettlementOrderService - 拼团交易-执行结算通知任务
25-05-14.14:18:30.014 [scheduling-1    ] INFO  GroupBuyNotifyJob      - 定时任务，回调通知拼团完结任务 result:{"retryCount":0,"successCount":0,"waitCount":0,"errorCount":0}
25-05-14.14:18:45.005 [scheduling-1    ] INFO  TradeSettlementOrderService - 拼团交易-执行结算通知任务
25-05-14.14:18:45.006 [scheduling-1    ] INFO  GroupBuyNotifyJob      - 定时任务，回调通知拼团完结任务 result:{"retryCount":0,"successCount":0,"waitCount":0,"errorCount":0}
25-05-14.14:19:00.013 [scheduling-1    ] INFO  TradeSettlementOrderService - 拼团交易-执行结算通知任务
25-05-14.14:19:00.015 [scheduling-1    ] INFO  GroupBuyNotifyJob      - 定时任务，回调通知拼团完结任务 result:{"retryCount":0,"successCount":0,"waitCount":0,"errorCount":0}
25-05-14.14:19:15.011 [scheduling-1    ] INFO  TradeSettlementOrderService - 拼团交易-执行结算通知任务
25-05-14.14:19:15.013 [scheduling-1    ] INFO  GroupBuyNotifyJob      - 定时任务，回调通知拼团完结任务 result:{"retryCount":0,"successCount":0,"waitCount":0,"errorCount":0}
25-05-14.14:19:30.007 [scheduling-1    ] INFO  TradeSettlementOrderService - 拼团交易-执行结算通知任务
25-05-14.14:19:30.008 [scheduling-1    ] INFO  GroupBuyNotifyJob      - 定时任务，回调通知拼团完结任务 result:{"retryCount":0,"successCount":0,"waitCount":0,"errorCount":0}
25-05-14.14:19:45.012 [scheduling-1    ] INFO  TradeSettlementOrderService - 拼团交易-执行结算通知任务
25-05-14.14:19:45.012 [scheduling-1    ] INFO  GroupBuyNotifyJob      - 定时任务，回调通知拼团完结任务 result:{"retryCount":0,"successCount":0,"waitCount":0,"errorCount":0}
25-05-14.14:20:00.007 [scheduling-1    ] INFO  TradeSettlementOrderService - 拼团交易-执行结算通知任务
25-05-14.14:20:00.009 [scheduling-1    ] INFO  GroupBuyNotifyJob      - 定时任务，回调通知拼团完结任务 result:{"retryCount":0,"successCount":0,"waitCount":0,"errorCount":0}
25-05-14.14:20:15.013 [scheduling-1    ] INFO  TradeSettlementOrderService - 拼团交易-执行结算通知任务
25-05-14.14:20:15.014 [scheduling-1    ] INFO  GroupBuyNotifyJob      - 定时任务，回调通知拼团完结任务 result:{"retryCount":0,"successCount":0,"waitCount":0,"errorCount":0}
25-05-14.14:20:30.013 [scheduling-1    ] INFO  TradeSettlementOrderService - 拼团交易-执行结算通知任务
25-05-14.14:20:30.015 [scheduling-1    ] INFO  GroupBuyNotifyJob      - 定时任务，回调通知拼团完结任务 result:{"retryCount":0,"successCount":0,"waitCount":0,"errorCount":0}
25-05-14.14:20:45.005 [scheduling-1    ] INFO  TradeSettlementOrderService - 拼团交易-执行结算通知任务
25-05-14.14:20:45.007 [scheduling-1    ] INFO  GroupBuyNotifyJob      - 定时任务，回调通知拼团完结任务 result:{"retryCount":0,"successCount":0,"waitCount":0,"errorCount":0}
25-05-14.14:21:00.015 [scheduling-1    ] INFO  TradeSettlementOrderService - 拼团交易-执行结算通知任务
25-05-14.14:21:00.017 [scheduling-1    ] INFO  GroupBuyNotifyJob      - 定时任务，回调通知拼团完结任务 result:{"retryCount":0,"successCount":0,"waitCount":0,"errorCount":0}
25-05-14.14:21:15.013 [scheduling-1    ] INFO  TradeSettlementOrderService - 拼团交易-执行结算通知任务
25-05-14.14:21:15.014 [scheduling-1    ] INFO  GroupBuyNotifyJob      - 定时任务，回调通知拼团完结任务 result:{"retryCount":0,"successCount":0,"waitCount":0,"errorCount":0}
25-05-14.14:21:30.004 [scheduling-1    ] INFO  TradeSettlementOrderService - 拼团交易-执行结算通知任务
25-05-14.14:21:30.007 [scheduling-1    ] INFO  GroupBuyNotifyJob      - 定时任务，回调通知拼团完结任务 result:{"retryCount":0,"successCount":0,"waitCount":0,"errorCount":0}
25-05-14.14:21:45.012 [scheduling-1    ] INFO  TradeSettlementOrderService - 拼团交易-执行结算通知任务
25-05-14.14:21:45.014 [scheduling-1    ] INFO  GroupBuyNotifyJob      - 定时任务，回调通知拼团完结任务 result:{"retryCount":0,"successCount":0,"waitCount":0,"errorCount":0}
25-05-14.14:22:00.007 [scheduling-1    ] INFO  TradeSettlementOrderService - 拼团交易-执行结算通知任务
25-05-14.14:22:00.008 [scheduling-1    ] INFO  GroupBuyNotifyJob      - 定时任务，回调通知拼团完结任务 result:{"retryCount":0,"successCount":0,"waitCount":0,"errorCount":0}
25-05-14.14:22:15.004 [scheduling-1    ] INFO  TradeSettlementOrderService - 拼团交易-执行结算通知任务
25-05-14.14:22:15.005 [scheduling-1    ] INFO  GroupBuyNotifyJob      - 定时任务，回调通知拼团完结任务 result:{"retryCount":0,"successCount":0,"waitCount":0,"errorCount":0}
25-05-14.14:22:30.011 [scheduling-1    ] INFO  TradeSettlementOrderService - 拼团交易-执行结算通知任务
25-05-14.14:22:30.012 [scheduling-1    ] INFO  GroupBuyNotifyJob      - 定时任务，回调通知拼团完结任务 result:{"retryCount":0,"successCount":0,"waitCount":0,"errorCount":0}
25-05-14.14:22:45.007 [scheduling-1    ] INFO  TradeSettlementOrderService - 拼团交易-执行结算通知任务
25-05-14.14:22:45.008 [scheduling-1    ] INFO  GroupBuyNotifyJob      - 定时任务，回调通知拼团完结任务 result:{"retryCount":0,"successCount":0,"waitCount":0,"errorCount":0}
25-05-14.14:23:00.001 [scheduling-1    ] INFO  TradeSettlementOrderService - 拼团交易-执行结算通知任务
25-05-14.14:23:00.002 [scheduling-1    ] INFO  GroupBuyNotifyJob      - 定时任务，回调通知拼团完结任务 result:{"retryCount":0,"successCount":0,"waitCount":0,"errorCount":0}
25-05-14.14:23:15.001 [scheduling-1    ] INFO  TradeSettlementOrderService - 拼团交易-执行结算通知任务
25-05-14.14:23:15.003 [scheduling-1    ] INFO  GroupBuyNotifyJob      - 定时任务，回调通知拼团完结任务 result:{"retryCount":0,"successCount":0,"waitCount":0,"errorCount":0}
25-05-14.14:23:30.007 [scheduling-1    ] INFO  TradeSettlementOrderService - 拼团交易-执行结算通知任务
25-05-14.14:23:30.009 [scheduling-1    ] INFO  GroupBuyNotifyJob      - 定时任务，回调通知拼团完结任务 result:{"retryCount":0,"successCount":0,"waitCount":0,"errorCount":0}
25-05-14.14:23:45.002 [scheduling-1    ] INFO  TradeSettlementOrderService - 拼团交易-执行结算通知任务
25-05-14.14:23:45.002 [scheduling-1    ] INFO  GroupBuyNotifyJob      - 定时任务，回调通知拼团完结任务 result:{"retryCount":0,"successCount":0,"waitCount":0,"errorCount":0}
25-05-14.14:24:00.002 [scheduling-1    ] INFO  TradeSettlementOrderService - 拼团交易-执行结算通知任务
25-05-14.14:24:00.005 [scheduling-1    ] INFO  GroupBuyNotifyJob      - 定时任务，回调通知拼团完结任务 result:{"retryCount":0,"successCount":0,"waitCount":0,"errorCount":0}
25-05-14.14:24:15.006 [scheduling-1    ] INFO  TradeSettlementOrderService - 拼团交易-执行结算通知任务
25-05-14.14:24:15.008 [scheduling-1    ] INFO  GroupBuyNotifyJob      - 定时任务，回调通知拼团完结任务 result:{"retryCount":0,"successCount":0,"waitCount":0,"errorCount":0}
25-05-14.14:24:30.005 [scheduling-1    ] INFO  TradeSettlementOrderService - 拼团交易-执行结算通知任务
25-05-14.14:24:30.007 [scheduling-1    ] INFO  GroupBuyNotifyJob      - 定时任务，回调通知拼团完结任务 result:{"retryCount":0,"successCount":0,"waitCount":0,"errorCount":0}
25-05-14.14:24:45.016 [scheduling-1    ] INFO  TradeSettlementOrderService - 拼团交易-执行结算通知任务
25-05-14.14:24:45.017 [scheduling-1    ] INFO  GroupBuyNotifyJob      - 定时任务，回调通知拼团完结任务 result:{"retryCount":0,"successCount":0,"waitCount":0,"errorCount":0}
25-05-14.14:25:00.013 [scheduling-1    ] INFO  TradeSettlementOrderService - 拼团交易-执行结算通知任务
25-05-14.14:25:00.014 [scheduling-1    ] INFO  GroupBuyNotifyJob      - 定时任务，回调通知拼团完结任务 result:{"retryCount":0,"successCount":0,"waitCount":0,"errorCount":0}
25-05-14.14:25:15.001 [scheduling-1    ] INFO  TradeSettlementOrderService - 拼团交易-执行结算通知任务
25-05-14.14:25:15.004 [scheduling-1    ] INFO  GroupBuyNotifyJob      - 定时任务，回调通知拼团完结任务 result:{"retryCount":0,"successCount":0,"waitCount":0,"errorCount":0}
25-05-14.14:25:30.005 [scheduling-1    ] INFO  TradeSettlementOrderService - 拼团交易-执行结算通知任务
25-05-14.14:25:30.008 [scheduling-1    ] INFO  GroupBuyNotifyJob      - 定时任务，回调通知拼团完结任务 result:{"retryCount":0,"successCount":0,"waitCount":0,"errorCount":0}
25-05-14.14:25:45.012 [scheduling-1    ] INFO  TradeSettlementOrderService - 拼团交易-执行结算通知任务
25-05-14.14:25:45.013 [scheduling-1    ] INFO  GroupBuyNotifyJob      - 定时任务，回调通知拼团完结任务 result:{"retryCount":0,"successCount":0,"waitCount":0,"errorCount":0}
25-05-14.14:26:00.014 [scheduling-1    ] INFO  TradeSettlementOrderService - 拼团交易-执行结算通知任务
25-05-14.14:26:00.016 [scheduling-1    ] INFO  GroupBuyNotifyJob      - 定时任务，回调通知拼团完结任务 result:{"retryCount":0,"successCount":0,"waitCount":0,"errorCount":0}
25-05-14.14:26:15.012 [scheduling-1    ] INFO  TradeSettlementOrderService - 拼团交易-执行结算通知任务
25-05-14.14:26:15.014 [scheduling-1    ] INFO  GroupBuyNotifyJob      - 定时任务，回调通知拼团完结任务 result:{"retryCount":0,"successCount":0,"waitCount":0,"errorCount":0}
25-05-14.14:26:30.009 [scheduling-1    ] INFO  TradeSettlementOrderService - 拼团交易-执行结算通知任务
25-05-14.14:26:30.010 [scheduling-1    ] INFO  GroupBuyNotifyJob      - 定时任务，回调通知拼团完结任务 result:{"retryCount":0,"successCount":0,"waitCount":0,"errorCount":0}
25-05-14.14:26:45.005 [scheduling-1    ] INFO  TradeSettlementOrderService - 拼团交易-执行结算通知任务
25-05-14.14:26:45.006 [scheduling-1    ] INFO  GroupBuyNotifyJob      - 定时任务，回调通知拼团完结任务 result:{"retryCount":0,"successCount":0,"waitCount":0,"errorCount":0}
25-05-14.14:27:00.012 [scheduling-1    ] INFO  TradeSettlementOrderService - 拼团交易-执行结算通知任务
25-05-14.14:27:00.013 [scheduling-1    ] INFO  GroupBuyNotifyJob      - 定时任务，回调通知拼团完结任务 result:{"retryCount":0,"successCount":0,"waitCount":0,"errorCount":0}
25-05-14.14:27:15.014 [scheduling-1    ] INFO  TradeSettlementOrderService - 拼团交易-执行结算通知任务
25-05-14.14:27:15.015 [scheduling-1    ] INFO  GroupBuyNotifyJob      - 定时任务，回调通知拼团完结任务 result:{"retryCount":0,"successCount":0,"waitCount":0,"errorCount":0}
25-05-14.14:27:30.001 [scheduling-1    ] INFO  TradeSettlementOrderService - 拼团交易-执行结算通知任务
25-05-14.14:27:30.004 [scheduling-1    ] INFO  GroupBuyNotifyJob      - 定时任务，回调通知拼团完结任务 result:{"retryCount":0,"successCount":0,"waitCount":0,"errorCount":0}
25-05-14.14:27:45.008 [scheduling-1    ] INFO  TradeSettlementOrderService - 拼团交易-执行结算通知任务
25-05-14.14:27:45.008 [scheduling-1    ] INFO  GroupBuyNotifyJob      - 定时任务，回调通知拼团完结任务 result:{"retryCount":0,"successCount":0,"waitCount":0,"errorCount":0}
25-05-14.14:28:00.012 [scheduling-1    ] INFO  TradeSettlementOrderService - 拼团交易-执行结算通知任务
25-05-14.14:28:00.013 [scheduling-1    ] INFO  GroupBuyNotifyJob      - 定时任务，回调通知拼团完结任务 result:{"retryCount":0,"successCount":0,"waitCount":0,"errorCount":0}
25-05-14.14:28:15.003 [scheduling-1    ] INFO  TradeSettlementOrderService - 拼团交易-执行结算通知任务
25-05-14.14:28:15.004 [scheduling-1    ] INFO  GroupBuyNotifyJob      - 定时任务，回调通知拼团完结任务 result:{"retryCount":0,"successCount":0,"waitCount":0,"errorCount":0}
25-05-14.14:28:30.003 [scheduling-1    ] INFO  TradeSettlementOrderService - 拼团交易-执行结算通知任务
25-05-14.14:28:30.005 [scheduling-1    ] INFO  GroupBuyNotifyJob      - 定时任务，回调通知拼团完结任务 result:{"retryCount":0,"successCount":0,"waitCount":0,"errorCount":0}
25-05-14.14:28:45.015 [scheduling-1    ] INFO  TradeSettlementOrderService - 拼团交易-执行结算通知任务
25-05-14.14:28:45.015 [scheduling-1    ] INFO  GroupBuyNotifyJob      - 定时任务，回调通知拼团完结任务 result:{"retryCount":0,"successCount":0,"waitCount":0,"errorCount":0}
25-05-14.14:29:00.006 [scheduling-1    ] INFO  TradeSettlementOrderService - 拼团交易-执行结算通知任务
25-05-14.14:29:00.007 [scheduling-1    ] INFO  GroupBuyNotifyJob      - 定时任务，回调通知拼团完结任务 result:{"retryCount":0,"successCount":0,"waitCount":0,"errorCount":0}
25-05-14.14:29:15.002 [scheduling-1    ] INFO  TradeSettlementOrderService - 拼团交易-执行结算通知任务
25-05-14.14:29:15.003 [scheduling-1    ] INFO  GroupBuyNotifyJob      - 定时任务，回调通知拼团完结任务 result:{"retryCount":0,"successCount":0,"waitCount":0,"errorCount":0}
25-05-14.14:29:30.014 [scheduling-1    ] INFO  TradeSettlementOrderService - 拼团交易-执行结算通知任务
25-05-14.14:29:30.017 [scheduling-1    ] INFO  GroupBuyNotifyJob      - 定时任务，回调通知拼团完结任务 result:{"retryCount":0,"successCount":0,"waitCount":0,"errorCount":0}
25-05-14.14:29:45.003 [scheduling-1    ] INFO  TradeSettlementOrderService - 拼团交易-执行结算通知任务
25-05-14.14:29:45.005 [scheduling-1    ] INFO  GroupBuyNotifyJob      - 定时任务，回调通知拼团完结任务 result:{"retryCount":0,"successCount":0,"waitCount":0,"errorCount":0}
25-05-14.14:30:00.011 [scheduling-1    ] INFO  TradeSettlementOrderService - 拼团交易-执行结算通知任务
25-05-14.14:30:00.013 [scheduling-1    ] INFO  GroupBuyNotifyJob      - 定时任务，回调通知拼团完结任务 result:{"retryCount":0,"successCount":0,"waitCount":0,"errorCount":0}
25-05-14.14:30:15.002 [scheduling-1    ] INFO  TradeSettlementOrderService - 拼团交易-执行结算通知任务
25-05-14.14:30:15.004 [scheduling-1    ] INFO  GroupBuyNotifyJob      - 定时任务，回调通知拼团完结任务 result:{"retryCount":0,"successCount":0,"waitCount":0,"errorCount":0}
25-05-14.14:30:30.008 [scheduling-1    ] INFO  TradeSettlementOrderService - 拼团交易-执行结算通知任务
25-05-14.14:30:30.010 [scheduling-1    ] INFO  GroupBuyNotifyJob      - 定时任务，回调通知拼团完结任务 result:{"retryCount":0,"successCount":0,"waitCount":0,"errorCount":0}
25-05-14.14:30:45.008 [scheduling-1    ] INFO  TradeSettlementOrderService - 拼团交易-执行结算通知任务
25-05-14.14:30:45.009 [scheduling-1    ] INFO  GroupBuyNotifyJob      - 定时任务，回调通知拼团完结任务 result:{"retryCount":0,"successCount":0,"waitCount":0,"errorCount":0}
25-05-14.14:31:00.017 [scheduling-1    ] INFO  TradeSettlementOrderService - 拼团交易-执行结算通知任务
25-05-14.14:31:00.019 [scheduling-1    ] INFO  GroupBuyNotifyJob      - 定时任务，回调通知拼团完结任务 result:{"retryCount":0,"successCount":0,"waitCount":0,"errorCount":0}
25-05-14.14:31:15.009 [scheduling-1    ] INFO  TradeSettlementOrderService - 拼团交易-执行结算通知任务
25-05-14.14:31:15.010 [scheduling-1    ] INFO  GroupBuyNotifyJob      - 定时任务，回调通知拼团完结任务 result:{"retryCount":0,"successCount":0,"waitCount":0,"errorCount":0}
25-05-14.14:31:30.004 [scheduling-1    ] INFO  TradeSettlementOrderService - 拼团交易-执行结算通知任务
25-05-14.14:31:30.006 [scheduling-1    ] INFO  GroupBuyNotifyJob      - 定时任务，回调通知拼团完结任务 result:{"retryCount":0,"successCount":0,"waitCount":0,"errorCount":0}
25-05-14.14:31:45.009 [scheduling-1    ] INFO  TradeSettlementOrderService - 拼团交易-执行结算通知任务
25-05-14.14:31:45.009 [scheduling-1    ] INFO  GroupBuyNotifyJob      - 定时任务，回调通知拼团完结任务 result:{"retryCount":0,"successCount":0,"waitCount":0,"errorCount":0}
25-05-14.14:32:00.006 [scheduling-1    ] INFO  TradeSettlementOrderService - 拼团交易-执行结算通知任务
25-05-14.14:32:00.008 [scheduling-1    ] INFO  GroupBuyNotifyJob      - 定时任务，回调通知拼团完结任务 result:{"retryCount":0,"successCount":0,"waitCount":0,"errorCount":0}
25-05-14.14:32:15.001 [scheduling-1    ] INFO  TradeSettlementOrderService - 拼团交易-执行结算通知任务
25-05-14.14:32:15.004 [scheduling-1    ] INFO  GroupBuyNotifyJob      - 定时任务，回调通知拼团完结任务 result:{"retryCount":0,"successCount":0,"waitCount":0,"errorCount":0}
25-05-14.14:32:30.014 [scheduling-1    ] INFO  TradeSettlementOrderService - 拼团交易-执行结算通知任务
25-05-14.14:32:30.016 [scheduling-1    ] INFO  GroupBuyNotifyJob      - 定时任务，回调通知拼团完结任务 result:{"retryCount":0,"successCount":0,"waitCount":0,"errorCount":0}
25-05-14.14:32:45.013 [scheduling-1    ] INFO  TradeSettlementOrderService - 拼团交易-执行结算通知任务
25-05-14.14:32:45.014 [scheduling-1    ] INFO  GroupBuyNotifyJob      - 定时任务，回调通知拼团完结任务 result:{"retryCount":0,"successCount":0,"waitCount":0,"errorCount":0}
25-05-14.14:33:00.005 [scheduling-1    ] INFO  TradeSettlementOrderService - 拼团交易-执行结算通知任务
25-05-14.14:33:00.007 [scheduling-1    ] INFO  GroupBuyNotifyJob      - 定时任务，回调通知拼团完结任务 result:{"retryCount":0,"successCount":0,"waitCount":0,"errorCount":0}
25-05-14.14:33:15.001 [scheduling-1    ] INFO  TradeSettlementOrderService - 拼团交易-执行结算通知任务
25-05-14.14:33:15.003 [scheduling-1    ] INFO  GroupBuyNotifyJob      - 定时任务，回调通知拼团完结任务 result:{"retryCount":0,"successCount":0,"waitCount":0,"errorCount":0}
25-05-14.14:33:30.005 [scheduling-1    ] INFO  TradeSettlementOrderService - 拼团交易-执行结算通知任务
25-05-14.14:33:30.007 [scheduling-1    ] INFO  GroupBuyNotifyJob      - 定时任务，回调通知拼团完结任务 result:{"retryCount":0,"successCount":0,"waitCount":0,"errorCount":0}
25-05-14.14:33:45.013 [scheduling-1    ] INFO  TradeSettlementOrderService - 拼团交易-执行结算通知任务
25-05-14.14:33:45.015 [scheduling-1    ] INFO  GroupBuyNotifyJob      - 定时任务，回调通知拼团完结任务 result:{"retryCount":0,"successCount":0,"waitCount":0,"errorCount":0}
25-05-14.14:34:00.014 [scheduling-1    ] INFO  TradeSettlementOrderService - 拼团交易-执行结算通知任务
25-05-14.14:34:00.016 [scheduling-1    ] INFO  GroupBuyNotifyJob      - 定时任务，回调通知拼团完结任务 result:{"retryCount":0,"successCount":0,"waitCount":0,"errorCount":0}
25-05-14.14:34:15.003 [scheduling-1    ] INFO  TradeSettlementOrderService - 拼团交易-执行结算通知任务
25-05-14.14:34:15.004 [scheduling-1    ] INFO  GroupBuyNotifyJob      - 定时任务，回调通知拼团完结任务 result:{"retryCount":0,"successCount":0,"waitCount":0,"errorCount":0}
25-05-14.14:34:30.006 [scheduling-1    ] INFO  TradeSettlementOrderService - 拼团交易-执行结算通知任务
25-05-14.14:34:30.008 [scheduling-1    ] INFO  GroupBuyNotifyJob      - 定时任务，回调通知拼团完结任务 result:{"retryCount":0,"successCount":0,"waitCount":0,"errorCount":0}
25-05-14.14:34:45.011 [scheduling-1    ] INFO  TradeSettlementOrderService - 拼团交易-执行结算通知任务
25-05-14.14:34:45.013 [scheduling-1    ] INFO  GroupBuyNotifyJob      - 定时任务，回调通知拼团完结任务 result:{"retryCount":0,"successCount":0,"waitCount":0,"errorCount":0}
25-05-14.14:35:00.005 [scheduling-1    ] INFO  TradeSettlementOrderService - 拼团交易-执行结算通知任务
25-05-14.14:35:00.007 [scheduling-1    ] INFO  GroupBuyNotifyJob      - 定时任务，回调通知拼团完结任务 result:{"retryCount":0,"successCount":0,"waitCount":0,"errorCount":0}
25-05-14.14:35:15.005 [scheduling-1    ] INFO  TradeSettlementOrderService - 拼团交易-执行结算通知任务
25-05-14.14:35:15.008 [scheduling-1    ] INFO  GroupBuyNotifyJob      - 定时任务，回调通知拼团完结任务 result:{"retryCount":0,"successCount":0,"waitCount":0,"errorCount":0}
25-05-14.14:35:30.012 [scheduling-1    ] INFO  TradeSettlementOrderService - 拼团交易-执行结算通知任务
25-05-14.14:35:30.014 [scheduling-1    ] INFO  GroupBuyNotifyJob      - 定时任务，回调通知拼团完结任务 result:{"retryCount":0,"successCount":0,"waitCount":0,"errorCount":0}
25-05-14.14:35:45.010 [scheduling-1    ] INFO  TradeSettlementOrderService - 拼团交易-执行结算通知任务
25-05-14.14:35:45.013 [scheduling-1    ] INFO  GroupBuyNotifyJob      - 定时任务，回调通知拼团完结任务 result:{"retryCount":0,"successCount":0,"waitCount":0,"errorCount":0}
25-05-14.14:36:00.010 [scheduling-1    ] INFO  TradeSettlementOrderService - 拼团交易-执行结算通知任务
25-05-14.14:36:00.012 [scheduling-1    ] INFO  GroupBuyNotifyJob      - 定时任务，回调通知拼团完结任务 result:{"retryCount":0,"successCount":0,"waitCount":0,"errorCount":0}
25-05-14.14:36:15.002 [scheduling-1    ] INFO  TradeSettlementOrderService - 拼团交易-执行结算通知任务
25-05-14.14:36:15.004 [scheduling-1    ] INFO  GroupBuyNotifyJob      - 定时任务，回调通知拼团完结任务 result:{"retryCount":0,"successCount":0,"waitCount":0,"errorCount":0}
25-05-14.14:36:30.003 [scheduling-1    ] INFO  TradeSettlementOrderService - 拼团交易-执行结算通知任务
25-05-14.14:36:30.005 [scheduling-1    ] INFO  GroupBuyNotifyJob      - 定时任务，回调通知拼团完结任务 result:{"retryCount":0,"successCount":0,"waitCount":0,"errorCount":0}
25-05-14.14:36:45.012 [scheduling-1    ] INFO  TradeSettlementOrderService - 拼团交易-执行结算通知任务
25-05-14.14:36:45.013 [scheduling-1    ] INFO  GroupBuyNotifyJob      - 定时任务，回调通知拼团完结任务 result:{"retryCount":0,"successCount":0,"waitCount":0,"errorCount":0}
25-05-14.14:37:00.010 [scheduling-1    ] INFO  TradeSettlementOrderService - 拼团交易-执行结算通知任务
25-05-14.14:37:00.012 [scheduling-1    ] INFO  GroupBuyNotifyJob      - 定时任务，回调通知拼团完结任务 result:{"retryCount":0,"successCount":0,"waitCount":0,"errorCount":0}
25-05-14.14:37:15.014 [scheduling-1    ] INFO  TradeSettlementOrderService - 拼团交易-执行结算通知任务
25-05-14.14:37:15.015 [scheduling-1    ] INFO  GroupBuyNotifyJob      - 定时任务，回调通知拼团完结任务 result:{"retryCount":0,"successCount":0,"waitCount":0,"errorCount":0}
25-05-14.14:37:30.005 [scheduling-1    ] INFO  TradeSettlementOrderService - 拼团交易-执行结算通知任务
25-05-14.14:37:30.006 [scheduling-1    ] INFO  GroupBuyNotifyJob      - 定时任务，回调通知拼团完结任务 result:{"retryCount":0,"successCount":0,"waitCount":0,"errorCount":0}
25-05-14.14:37:45.016 [scheduling-1    ] INFO  TradeSettlementOrderService - 拼团交易-执行结算通知任务
25-05-14.14:37:45.017 [scheduling-1    ] INFO  GroupBuyNotifyJob      - 定时任务，回调通知拼团完结任务 result:{"retryCount":0,"successCount":0,"waitCount":0,"errorCount":0}
25-05-14.14:38:00.012 [scheduling-1    ] INFO  TradeSettlementOrderService - 拼团交易-执行结算通知任务
25-05-14.14:38:00.013 [scheduling-1    ] INFO  GroupBuyNotifyJob      - 定时任务，回调通知拼团完结任务 result:{"retryCount":0,"successCount":0,"waitCount":0,"errorCount":0}
25-05-14.14:38:15.008 [scheduling-1    ] INFO  TradeSettlementOrderService - 拼团交易-执行结算通知任务
25-05-14.14:38:15.009 [scheduling-1    ] INFO  GroupBuyNotifyJob      - 定时任务，回调通知拼团完结任务 result:{"retryCount":0,"successCount":0,"waitCount":0,"errorCount":0}
25-05-14.14:38:30.004 [scheduling-1    ] INFO  TradeSettlementOrderService - 拼团交易-执行结算通知任务
25-05-14.14:38:30.005 [scheduling-1    ] INFO  GroupBuyNotifyJob      - 定时任务，回调通知拼团完结任务 result:{"retryCount":0,"successCount":0,"waitCount":0,"errorCount":0}
25-05-14.14:38:45.005 [scheduling-1    ] INFO  TradeSettlementOrderService - 拼团交易-执行结算通知任务
25-05-14.14:38:45.006 [scheduling-1    ] INFO  GroupBuyNotifyJob      - 定时任务，回调通知拼团完结任务 result:{"retryCount":0,"successCount":0,"waitCount":0,"errorCount":0}
25-05-14.14:39:00.003 [scheduling-1    ] INFO  TradeSettlementOrderService - 拼团交易-执行结算通知任务
25-05-14.14:39:00.004 [scheduling-1    ] INFO  GroupBuyNotifyJob      - 定时任务，回调通知拼团完结任务 result:{"retryCount":0,"successCount":0,"waitCount":0,"errorCount":0}
25-05-14.14:39:15.003 [scheduling-1    ] INFO  TradeSettlementOrderService - 拼团交易-执行结算通知任务
25-05-14.14:39:15.005 [scheduling-1    ] INFO  GroupBuyNotifyJob      - 定时任务，回调通知拼团完结任务 result:{"retryCount":0,"successCount":0,"waitCount":0,"errorCount":0}
25-05-14.14:39:30.011 [scheduling-1    ] INFO  TradeSettlementOrderService - 拼团交易-执行结算通知任务
25-05-14.14:39:30.012 [scheduling-1    ] INFO  GroupBuyNotifyJob      - 定时任务，回调通知拼团完结任务 result:{"retryCount":0,"successCount":0,"waitCount":0,"errorCount":0}
25-05-14.14:39:45.006 [scheduling-1    ] INFO  TradeSettlementOrderService - 拼团交易-执行结算通知任务
25-05-14.14:39:45.008 [scheduling-1    ] INFO  GroupBuyNotifyJob      - 定时任务，回调通知拼团完结任务 result:{"retryCount":0,"successCount":0,"waitCount":0,"errorCount":0}
25-05-14.14:40:00.014 [scheduling-1    ] INFO  TradeSettlementOrderService - 拼团交易-执行结算通知任务
25-05-14.14:40:00.015 [scheduling-1    ] INFO  GroupBuyNotifyJob      - 定时任务，回调通知拼团完结任务 result:{"retryCount":0,"successCount":0,"waitCount":0,"errorCount":0}
25-05-14.14:40:15.011 [scheduling-1    ] INFO  TradeSettlementOrderService - 拼团交易-执行结算通知任务
25-05-14.14:40:15.012 [scheduling-1    ] INFO  GroupBuyNotifyJob      - 定时任务，回调通知拼团完结任务 result:{"retryCount":0,"successCount":0,"waitCount":0,"errorCount":0}
25-05-14.14:40:30.004 [scheduling-1    ] INFO  TradeSettlementOrderService - 拼团交易-执行结算通知任务
25-05-14.14:40:30.005 [scheduling-1    ] INFO  GroupBuyNotifyJob      - 定时任务，回调通知拼团完结任务 result:{"retryCount":0,"successCount":0,"waitCount":0,"errorCount":0}
25-05-14.14:40:45.010 [scheduling-1    ] INFO  TradeSettlementOrderService - 拼团交易-执行结算通知任务
25-05-14.14:40:45.011 [scheduling-1    ] INFO  GroupBuyNotifyJob      - 定时任务，回调通知拼团完结任务 result:{"retryCount":0,"successCount":0,"waitCount":0,"errorCount":0}
25-05-14.14:41:00.007 [scheduling-1    ] INFO  TradeSettlementOrderService - 拼团交易-执行结算通知任务
25-05-14.14:41:00.009 [scheduling-1    ] INFO  GroupBuyNotifyJob      - 定时任务，回调通知拼团完结任务 result:{"retryCount":0,"successCount":0,"waitCount":0,"errorCount":0}
25-05-14.14:41:15.011 [scheduling-1    ] INFO  TradeSettlementOrderService - 拼团交易-执行结算通知任务
25-05-14.14:41:15.012 [scheduling-1    ] INFO  GroupBuyNotifyJob      - 定时任务，回调通知拼团完结任务 result:{"retryCount":0,"successCount":0,"waitCount":0,"errorCount":0}
25-05-14.14:41:30.003 [scheduling-1    ] INFO  TradeSettlementOrderService - 拼团交易-执行结算通知任务
25-05-14.14:41:30.005 [scheduling-1    ] INFO  GroupBuyNotifyJob      - 定时任务，回调通知拼团完结任务 result:{"retryCount":0,"successCount":0,"waitCount":0,"errorCount":0}
25-05-14.14:41:45.006 [scheduling-1    ] INFO  TradeSettlementOrderService - 拼团交易-执行结算通知任务
25-05-14.14:41:45.008 [scheduling-1    ] INFO  GroupBuyNotifyJob      - 定时任务，回调通知拼团完结任务 result:{"retryCount":0,"successCount":0,"waitCount":0,"errorCount":0}
25-05-14.14:42:00.001 [scheduling-1    ] INFO  TradeSettlementOrderService - 拼团交易-执行结算通知任务
25-05-14.14:42:00.002 [scheduling-1    ] INFO  GroupBuyNotifyJob      - 定时任务，回调通知拼团完结任务 result:{"retryCount":0,"successCount":0,"waitCount":0,"errorCount":0}
25-05-14.14:42:15.009 [scheduling-1    ] INFO  TradeSettlementOrderService - 拼团交易-执行结算通知任务
25-05-14.14:42:15.011 [scheduling-1    ] INFO  GroupBuyNotifyJob      - 定时任务，回调通知拼团完结任务 result:{"retryCount":0,"successCount":0,"waitCount":0,"errorCount":0}
25-05-14.14:42:30.002 [scheduling-1    ] INFO  TradeSettlementOrderService - 拼团交易-执行结算通知任务
25-05-14.14:42:30.004 [scheduling-1    ] INFO  GroupBuyNotifyJob      - 定时任务，回调通知拼团完结任务 result:{"retryCount":0,"successCount":0,"waitCount":0,"errorCount":0}
25-05-14.14:42:45.006 [scheduling-1    ] INFO  TradeSettlementOrderService - 拼团交易-执行结算通知任务
25-05-14.14:42:45.007 [scheduling-1    ] INFO  GroupBuyNotifyJob      - 定时任务，回调通知拼团完结任务 result:{"retryCount":0,"successCount":0,"waitCount":0,"errorCount":0}
25-05-14.14:43:00.010 [scheduling-1    ] INFO  TradeSettlementOrderService - 拼团交易-执行结算通知任务
25-05-14.14:43:00.011 [scheduling-1    ] INFO  GroupBuyNotifyJob      - 定时任务，回调通知拼团完结任务 result:{"retryCount":0,"successCount":0,"waitCount":0,"errorCount":0}
25-05-14.14:43:15.008 [scheduling-1    ] INFO  TradeSettlementOrderService - 拼团交易-执行结算通知任务
25-05-14.14:43:15.009 [scheduling-1    ] INFO  GroupBuyNotifyJob      - 定时任务，回调通知拼团完结任务 result:{"retryCount":0,"successCount":0,"waitCount":0,"errorCount":0}
25-05-14.14:43:30.003 [scheduling-1    ] INFO  TradeSettlementOrderService - 拼团交易-执行结算通知任务
25-05-14.14:43:30.005 [scheduling-1    ] INFO  GroupBuyNotifyJob      - 定时任务，回调通知拼团完结任务 result:{"retryCount":0,"successCount":0,"waitCount":0,"errorCount":0}
25-05-14.14:43:45.009 [scheduling-1    ] INFO  TradeSettlementOrderService - 拼团交易-执行结算通知任务
25-05-14.14:43:45.011 [scheduling-1    ] INFO  GroupBuyNotifyJob      - 定时任务，回调通知拼团完结任务 result:{"retryCount":0,"successCount":0,"waitCount":0,"errorCount":0}
25-05-14.14:44:00.003 [scheduling-1    ] INFO  TradeSettlementOrderService - 拼团交易-执行结算通知任务
25-05-14.14:44:00.004 [scheduling-1    ] INFO  GroupBuyNotifyJob      - 定时任务，回调通知拼团完结任务 result:{"retryCount":0,"successCount":0,"waitCount":0,"errorCount":0}
25-05-14.14:44:15.005 [scheduling-1    ] INFO  TradeSettlementOrderService - 拼团交易-执行结算通知任务
25-05-14.14:44:15.007 [scheduling-1    ] INFO  GroupBuyNotifyJob      - 定时任务，回调通知拼团完结任务 result:{"retryCount":0,"successCount":0,"waitCount":0,"errorCount":0}
25-05-14.14:44:30.011 [scheduling-1    ] INFO  TradeSettlementOrderService - 拼团交易-执行结算通知任务
25-05-14.14:44:30.013 [scheduling-1    ] INFO  GroupBuyNotifyJob      - 定时任务，回调通知拼团完结任务 result:{"retryCount":0,"successCount":0,"waitCount":0,"errorCount":0}
25-05-14.14:44:45.004 [scheduling-1    ] INFO  TradeSettlementOrderService - 拼团交易-执行结算通知任务
25-05-14.14:44:45.005 [scheduling-1    ] INFO  GroupBuyNotifyJob      - 定时任务，回调通知拼团完结任务 result:{"retryCount":0,"successCount":0,"waitCount":0,"errorCount":0}
25-05-14.14:45:00.003 [scheduling-1    ] INFO  TradeSettlementOrderService - 拼团交易-执行结算通知任务
25-05-14.14:45:00.004 [scheduling-1    ] INFO  GroupBuyNotifyJob      - 定时任务，回调通知拼团完结任务 result:{"retryCount":0,"successCount":0,"waitCount":0,"errorCount":0}
25-05-14.14:45:15.014 [scheduling-1    ] INFO  TradeSettlementOrderService - 拼团交易-执行结算通知任务
25-05-14.14:45:15.015 [scheduling-1    ] INFO  GroupBuyNotifyJob      - 定时任务，回调通知拼团完结任务 result:{"retryCount":0,"successCount":0,"waitCount":0,"errorCount":0}
25-05-14.14:45:30.011 [scheduling-1    ] INFO  TradeSettlementOrderService - 拼团交易-执行结算通知任务
25-05-14.14:45:30.013 [scheduling-1    ] INFO  GroupBuyNotifyJob      - 定时任务，回调通知拼团完结任务 result:{"retryCount":0,"successCount":0,"waitCount":0,"errorCount":0}
25-05-14.14:45:45.009 [scheduling-1    ] INFO  TradeSettlementOrderService - 拼团交易-执行结算通知任务
25-05-14.14:45:45.010 [scheduling-1    ] INFO  GroupBuyNotifyJob      - 定时任务，回调通知拼团完结任务 result:{"retryCount":0,"successCount":0,"waitCount":0,"errorCount":0}
25-05-14.14:46:00.016 [scheduling-1    ] INFO  TradeSettlementOrderService - 拼团交易-执行结算通知任务
25-05-14.14:46:00.017 [scheduling-1    ] INFO  GroupBuyNotifyJob      - 定时任务，回调通知拼团完结任务 result:{"retryCount":0,"successCount":0,"waitCount":0,"errorCount":0}
25-05-14.14:46:15.007 [scheduling-1    ] INFO  TradeSettlementOrderService - 拼团交易-执行结算通知任务
25-05-14.14:46:15.009 [scheduling-1    ] INFO  GroupBuyNotifyJob      - 定时任务，回调通知拼团完结任务 result:{"retryCount":0,"successCount":0,"waitCount":0,"errorCount":0}
25-05-14.14:46:30.012 [scheduling-1    ] INFO  TradeSettlementOrderService - 拼团交易-执行结算通知任务
25-05-14.14:46:30.013 [scheduling-1    ] INFO  GroupBuyNotifyJob      - 定时任务，回调通知拼团完结任务 result:{"retryCount":0,"successCount":0,"waitCount":0,"errorCount":0}
25-05-14.14:46:45.002 [scheduling-1    ] INFO  TradeSettlementOrderService - 拼团交易-执行结算通知任务
25-05-14.14:46:45.003 [scheduling-1    ] INFO  GroupBuyNotifyJob      - 定时任务，回调通知拼团完结任务 result:{"retryCount":0,"successCount":0,"waitCount":0,"errorCount":0}
25-05-14.14:47:00.007 [scheduling-1    ] INFO  TradeSettlementOrderService - 拼团交易-执行结算通知任务
25-05-14.14:47:00.007 [scheduling-1    ] INFO  GroupBuyNotifyJob      - 定时任务，回调通知拼团完结任务 result:{"retryCount":0,"successCount":0,"waitCount":0,"errorCount":0}
25-05-14.14:47:15.011 [scheduling-1    ] INFO  TradeSettlementOrderService - 拼团交易-执行结算通知任务
25-05-14.14:47:15.013 [scheduling-1    ] INFO  GroupBuyNotifyJob      - 定时任务，回调通知拼团完结任务 result:{"retryCount":0,"successCount":0,"waitCount":0,"errorCount":0}
25-05-14.14:47:30.010 [scheduling-1    ] INFO  TradeSettlementOrderService - 拼团交易-执行结算通知任务
25-05-14.14:47:30.011 [scheduling-1    ] INFO  GroupBuyNotifyJob      - 定时任务，回调通知拼团完结任务 result:{"retryCount":0,"successCount":0,"waitCount":0,"errorCount":0}
25-05-14.14:47:45.014 [scheduling-1    ] INFO  TradeSettlementOrderService - 拼团交易-执行结算通知任务
25-05-14.14:47:45.015 [scheduling-1    ] INFO  GroupBuyNotifyJob      - 定时任务，回调通知拼团完结任务 result:{"retryCount":0,"successCount":0,"waitCount":0,"errorCount":0}
25-05-14.14:48:00.010 [scheduling-1    ] INFO  TradeSettlementOrderService - 拼团交易-执行结算通知任务
25-05-14.14:48:00.012 [scheduling-1    ] INFO  GroupBuyNotifyJob      - 定时任务，回调通知拼团完结任务 result:{"retryCount":0,"successCount":0,"waitCount":0,"errorCount":0}
25-05-14.14:48:15.003 [scheduling-1    ] INFO  TradeSettlementOrderService - 拼团交易-执行结算通知任务
25-05-14.14:48:15.004 [scheduling-1    ] INFO  GroupBuyNotifyJob      - 定时任务，回调通知拼团完结任务 result:{"retryCount":0,"successCount":0,"waitCount":0,"errorCount":0}
25-05-14.14:48:30.008 [scheduling-1    ] INFO  TradeSettlementOrderService - 拼团交易-执行结算通知任务
25-05-14.14:48:30.009 [scheduling-1    ] INFO  GroupBuyNotifyJob      - 定时任务，回调通知拼团完结任务 result:{"retryCount":0,"successCount":0,"waitCount":0,"errorCount":0}
25-05-14.14:48:45.012 [scheduling-1    ] INFO  TradeSettlementOrderService - 拼团交易-执行结算通知任务
25-05-14.14:48:45.013 [scheduling-1    ] INFO  GroupBuyNotifyJob      - 定时任务，回调通知拼团完结任务 result:{"retryCount":0,"successCount":0,"waitCount":0,"errorCount":0}
25-05-14.14:49:00.008 [scheduling-1    ] INFO  TradeSettlementOrderService - 拼团交易-执行结算通知任务
25-05-14.14:49:00.009 [scheduling-1    ] INFO  GroupBuyNotifyJob      - 定时任务，回调通知拼团完结任务 result:{"retryCount":0,"successCount":0,"waitCount":0,"errorCount":0}
25-05-14.14:49:15.008 [scheduling-1    ] INFO  TradeSettlementOrderService - 拼团交易-执行结算通知任务
25-05-14.14:49:15.008 [scheduling-1    ] INFO  GroupBuyNotifyJob      - 定时任务，回调通知拼团完结任务 result:{"retryCount":0,"successCount":0,"waitCount":0,"errorCount":0}
25-05-14.14:49:30.016 [scheduling-1    ] INFO  TradeSettlementOrderService - 拼团交易-执行结算通知任务
25-05-14.14:49:30.017 [scheduling-1    ] INFO  GroupBuyNotifyJob      - 定时任务，回调通知拼团完结任务 result:{"retryCount":0,"successCount":0,"waitCount":0,"errorCount":0}
25-05-14.14:49:45.004 [scheduling-1    ] INFO  TradeSettlementOrderService - 拼团交易-执行结算通知任务
25-05-14.14:49:45.004 [scheduling-1    ] INFO  GroupBuyNotifyJob      - 定时任务，回调通知拼团完结任务 result:{"retryCount":0,"successCount":0,"waitCount":0,"errorCount":0}
25-05-14.14:50:00.016 [scheduling-1    ] INFO  TradeSettlementOrderService - 拼团交易-执行结算通知任务
25-05-14.14:50:00.016 [scheduling-1    ] INFO  GroupBuyNotifyJob      - 定时任务，回调通知拼团完结任务 result:{"retryCount":0,"successCount":0,"waitCount":0,"errorCount":0}
25-05-14.14:50:15.008 [scheduling-1    ] INFO  TradeSettlementOrderService - 拼团交易-执行结算通知任务
25-05-14.14:50:15.010 [scheduling-1    ] INFO  GroupBuyNotifyJob      - 定时任务，回调通知拼团完结任务 result:{"retryCount":0,"successCount":0,"waitCount":0,"errorCount":0}
25-05-14.14:50:30.004 [scheduling-1    ] INFO  TradeSettlementOrderService - 拼团交易-执行结算通知任务
25-05-14.14:50:30.006 [scheduling-1    ] INFO  GroupBuyNotifyJob      - 定时任务，回调通知拼团完结任务 result:{"retryCount":0,"successCount":0,"waitCount":0,"errorCount":0}
25-05-14.14:50:45.009 [scheduling-1    ] INFO  TradeSettlementOrderService - 拼团交易-执行结算通知任务
25-05-14.14:50:45.011 [scheduling-1    ] INFO  GroupBuyNotifyJob      - 定时任务，回调通知拼团完结任务 result:{"retryCount":0,"successCount":0,"waitCount":0,"errorCount":0}
25-05-14.14:51:00.008 [scheduling-1    ] INFO  TradeSettlementOrderService - 拼团交易-执行结算通知任务
25-05-14.14:51:00.009 [scheduling-1    ] INFO  GroupBuyNotifyJob      - 定时任务，回调通知拼团完结任务 result:{"retryCount":0,"successCount":0,"waitCount":0,"errorCount":0}
25-05-14.14:51:15.008 [scheduling-1    ] INFO  TradeSettlementOrderService - 拼团交易-执行结算通知任务
25-05-14.14:51:15.009 [scheduling-1    ] INFO  GroupBuyNotifyJob      - 定时任务，回调通知拼团完结任务 result:{"retryCount":0,"successCount":0,"waitCount":0,"errorCount":0}
25-05-14.14:51:30.011 [scheduling-1    ] INFO  TradeSettlementOrderService - 拼团交易-执行结算通知任务
25-05-14.14:51:30.012 [scheduling-1    ] INFO  GroupBuyNotifyJob      - 定时任务，回调通知拼团完结任务 result:{"retryCount":0,"successCount":0,"waitCount":0,"errorCount":0}
25-05-14.14:51:45.001 [scheduling-1    ] INFO  TradeSettlementOrderService - 拼团交易-执行结算通知任务
25-05-14.14:51:45.002 [scheduling-1    ] INFO  GroupBuyNotifyJob      - 定时任务，回调通知拼团完结任务 result:{"retryCount":0,"successCount":0,"waitCount":0,"errorCount":0}
25-05-14.14:52:00.008 [scheduling-1    ] INFO  TradeSettlementOrderService - 拼团交易-执行结算通知任务
25-05-14.14:52:00.008 [scheduling-1    ] INFO  GroupBuyNotifyJob      - 定时任务，回调通知拼团完结任务 result:{"retryCount":0,"successCount":0,"waitCount":0,"errorCount":0}
25-05-14.14:52:15.007 [scheduling-1    ] INFO  TradeSettlementOrderService - 拼团交易-执行结算通知任务
25-05-14.14:52:15.008 [scheduling-1    ] INFO  GroupBuyNotifyJob      - 定时任务，回调通知拼团完结任务 result:{"retryCount":0,"successCount":0,"waitCount":0,"errorCount":0}
25-05-14.14:52:30.002 [scheduling-1    ] INFO  TradeSettlementOrderService - 拼团交易-执行结算通知任务
25-05-14.14:52:30.003 [scheduling-1    ] INFO  GroupBuyNotifyJob      - 定时任务，回调通知拼团完结任务 result:{"retryCount":0,"successCount":0,"waitCount":0,"errorCount":0}
25-05-14.14:52:45.010 [scheduling-1    ] INFO  TradeSettlementOrderService - 拼团交易-执行结算通知任务
25-05-14.14:52:45.011 [scheduling-1    ] INFO  GroupBuyNotifyJob      - 定时任务，回调通知拼团完结任务 result:{"retryCount":0,"successCount":0,"waitCount":0,"errorCount":0}
25-05-14.14:53:00.004 [scheduling-1    ] INFO  TradeSettlementOrderService - 拼团交易-执行结算通知任务
25-05-14.14:53:00.005 [scheduling-1    ] INFO  GroupBuyNotifyJob      - 定时任务，回调通知拼团完结任务 result:{"retryCount":0,"successCount":0,"waitCount":0,"errorCount":0}
25-05-14.14:53:15.006 [scheduling-1    ] INFO  TradeSettlementOrderService - 拼团交易-执行结算通知任务
25-05-14.14:53:15.007 [scheduling-1    ] INFO  GroupBuyNotifyJob      - 定时任务，回调通知拼团完结任务 result:{"retryCount":0,"successCount":0,"waitCount":0,"errorCount":0}
25-05-14.14:53:30.002 [scheduling-1    ] INFO  TradeSettlementOrderService - 拼团交易-执行结算通知任务
25-05-14.14:53:30.003 [scheduling-1    ] INFO  GroupBuyNotifyJob      - 定时任务，回调通知拼团完结任务 result:{"retryCount":0,"successCount":0,"waitCount":0,"errorCount":0}
25-05-14.14:53:45.006 [scheduling-1    ] INFO  TradeSettlementOrderService - 拼团交易-执行结算通知任务
25-05-14.14:53:45.007 [scheduling-1    ] INFO  GroupBuyNotifyJob      - 定时任务，回调通知拼团完结任务 result:{"retryCount":0,"successCount":0,"waitCount":0,"errorCount":0}
25-05-14.14:54:00.003 [scheduling-1    ] INFO  TradeSettlementOrderService - 拼团交易-执行结算通知任务
25-05-14.14:54:00.004 [scheduling-1    ] INFO  GroupBuyNotifyJob      - 定时任务，回调通知拼团完结任务 result:{"retryCount":0,"successCount":0,"waitCount":0,"errorCount":0}
25-05-14.14:54:15.003 [scheduling-1    ] INFO  TradeSettlementOrderService - 拼团交易-执行结算通知任务
25-05-14.14:54:15.005 [scheduling-1    ] INFO  GroupBuyNotifyJob      - 定时任务，回调通知拼团完结任务 result:{"retryCount":0,"successCount":0,"waitCount":0,"errorCount":0}
25-05-14.14:54:30.002 [scheduling-1    ] INFO  TradeSettlementOrderService - 拼团交易-执行结算通知任务
25-05-14.14:54:30.003 [scheduling-1    ] INFO  GroupBuyNotifyJob      - 定时任务，回调通知拼团完结任务 result:{"retryCount":0,"successCount":0,"waitCount":0,"errorCount":0}
25-05-14.14:54:45.016 [scheduling-1    ] INFO  TradeSettlementOrderService - 拼团交易-执行结算通知任务
25-05-14.14:54:45.018 [scheduling-1    ] INFO  GroupBuyNotifyJob      - 定时任务，回调通知拼团完结任务 result:{"retryCount":0,"successCount":0,"waitCount":0,"errorCount":0}
25-05-14.14:55:00.015 [scheduling-1    ] INFO  TradeSettlementOrderService - 拼团交易-执行结算通知任务
25-05-14.14:55:00.016 [scheduling-1    ] INFO  GroupBuyNotifyJob      - 定时任务，回调通知拼团完结任务 result:{"retryCount":0,"successCount":0,"waitCount":0,"errorCount":0}
25-05-14.14:55:15.004 [scheduling-1    ] INFO  TradeSettlementOrderService - 拼团交易-执行结算通知任务
25-05-14.14:55:15.005 [scheduling-1    ] INFO  GroupBuyNotifyJob      - 定时任务，回调通知拼团完结任务 result:{"retryCount":0,"successCount":0,"waitCount":0,"errorCount":0}
25-05-14.14:55:30.003 [scheduling-1    ] INFO  TradeSettlementOrderService - 拼团交易-执行结算通知任务
25-05-14.14:55:30.004 [scheduling-1    ] INFO  GroupBuyNotifyJob      - 定时任务，回调通知拼团完结任务 result:{"retryCount":0,"successCount":0,"waitCount":0,"errorCount":0}
25-05-14.14:55:45.003 [scheduling-1    ] INFO  TradeSettlementOrderService - 拼团交易-执行结算通知任务
25-05-14.14:55:45.005 [scheduling-1    ] INFO  GroupBuyNotifyJob      - 定时任务，回调通知拼团完结任务 result:{"retryCount":0,"successCount":0,"waitCount":0,"errorCount":0}
25-05-14.14:56:00.012 [scheduling-1    ] INFO  TradeSettlementOrderService - 拼团交易-执行结算通知任务
25-05-14.14:56:00.013 [scheduling-1    ] INFO  GroupBuyNotifyJob      - 定时任务，回调通知拼团完结任务 result:{"retryCount":0,"successCount":0,"waitCount":0,"errorCount":0}
25-05-14.14:56:15.007 [scheduling-1    ] INFO  TradeSettlementOrderService - 拼团交易-执行结算通知任务
25-05-14.14:56:15.009 [scheduling-1    ] INFO  GroupBuyNotifyJob      - 定时任务，回调通知拼团完结任务 result:{"retryCount":0,"successCount":0,"waitCount":0,"errorCount":0}
25-05-14.14:56:30.003 [scheduling-1    ] INFO  TradeSettlementOrderService - 拼团交易-执行结算通知任务
25-05-14.14:56:30.004 [scheduling-1    ] INFO  GroupBuyNotifyJob      - 定时任务，回调通知拼团完结任务 result:{"retryCount":0,"successCount":0,"waitCount":0,"errorCount":0}
25-05-14.14:56:45.006 [scheduling-1    ] INFO  TradeSettlementOrderService - 拼团交易-执行结算通知任务
25-05-14.14:56:45.008 [scheduling-1    ] INFO  GroupBuyNotifyJob      - 定时任务，回调通知拼团完结任务 result:{"retryCount":0,"successCount":0,"waitCount":0,"errorCount":0}
25-05-14.14:57:00.012 [scheduling-1    ] INFO  TradeSettlementOrderService - 拼团交易-执行结算通知任务
25-05-14.14:57:00.012 [scheduling-1    ] INFO  GroupBuyNotifyJob      - 定时任务，回调通知拼团完结任务 result:{"retryCount":0,"successCount":0,"waitCount":0,"errorCount":0}
25-05-14.14:57:15.011 [scheduling-1    ] INFO  TradeSettlementOrderService - 拼团交易-执行结算通知任务
25-05-14.14:57:15.012 [scheduling-1    ] INFO  GroupBuyNotifyJob      - 定时任务，回调通知拼团完结任务 result:{"retryCount":0,"successCount":0,"waitCount":0,"errorCount":0}
25-05-14.14:57:30.004 [scheduling-1    ] INFO  TradeSettlementOrderService - 拼团交易-执行结算通知任务
25-05-14.14:57:30.006 [scheduling-1    ] INFO  GroupBuyNotifyJob      - 定时任务，回调通知拼团完结任务 result:{"retryCount":0,"successCount":0,"waitCount":0,"errorCount":0}
25-05-14.14:57:45.005 [scheduling-1    ] INFO  TradeSettlementOrderService - 拼团交易-执行结算通知任务
25-05-14.14:57:45.007 [scheduling-1    ] INFO  GroupBuyNotifyJob      - 定时任务，回调通知拼团完结任务 result:{"retryCount":0,"successCount":0,"waitCount":0,"errorCount":0}
25-05-14.14:58:00.004 [scheduling-1    ] INFO  TradeSettlementOrderService - 拼团交易-执行结算通知任务
25-05-14.14:58:00.004 [scheduling-1    ] INFO  GroupBuyNotifyJob      - 定时任务，回调通知拼团完结任务 result:{"retryCount":0,"successCount":0,"waitCount":0,"errorCount":0}
25-05-14.14:58:15.013 [scheduling-1    ] INFO  TradeSettlementOrderService - 拼团交易-执行结算通知任务
25-05-14.14:58:15.015 [scheduling-1    ] INFO  GroupBuyNotifyJob      - 定时任务，回调通知拼团完结任务 result:{"retryCount":0,"successCount":0,"waitCount":0,"errorCount":0}
25-05-14.14:58:20.899 [SpringApplicationShutdownHook] INFO  HikariDataSource       - HikariPool-1 - Shutdown initiated...
25-05-14.14:58:20.902 [SpringApplicationShutdownHook] INFO  HikariDataSource       - HikariPool-1 - Shutdown completed.
