25-03-26.19:18:42.385 [main            ] INFO  IIndexGroupBuyMarketServiceTest - Starting IIndexGroupBuyMarketServiceTest using Java 1.8.0_202 on LAPTOP-MEFU2P1B with PID 33936 (started by 咳咳 in D:\Code\Develop\Java\xfg\group-buy-market-dcq\group-buy-market-dcq-app)
25-03-26.19:18:42.386 [main            ] INFO  IIndexGroupBuyMarketServiceTest - The following 1 profile is active: "dev"
25-03-26.19:18:43.819 [main            ] INFO  IIndexGroupBuyMarketServiceTest - Started IIndexGroupBuyMarketServiceTest in 1.677 seconds (JVM running for 2.233)
25-03-26.19:18:43.849 [main            ] ERROR TestContextManager     - Caught exception while allowing TestExecutionListener [org.springframework.boot.test.autoconfigure.SpringBootDependencyInjectionTestExecutionListener@5bda8e08] to prepare test instance [org.example.test.domain.activity.IIndexGroupBuyMarketServiceTest@75d4a80f]
org.springframework.beans.factory.BeanCreationException: Error creating bean with name 'org.example.test.domain.activity.IIndexGroupBuyMarketServiceTest': Injection of resource dependencies failed; nested exception is org.springframework.beans.factory.NoSuchBeanDefinitionException: No qualifying bean of type 'org.example.domain.activity.service.IndexGroupBuyMarketService' available: expected at least 1 bean which qualifies as autowire candidate. Dependency annotations: {@javax.annotation.Resource(shareable=true, lookup=, name=, description=, authenticationType=CONTAINER, type=class java.lang.Object, mappedName=)}
	at org.springframework.context.annotation.CommonAnnotationBeanPostProcessor.postProcessProperties(CommonAnnotationBeanPostProcessor.java:332)
	at org.springframework.beans.factory.support.AbstractAutowireCapableBeanFactory.populateBean(AbstractAutowireCapableBeanFactory.java:1431)
	at org.springframework.beans.factory.support.AbstractAutowireCapableBeanFactory.autowireBeanProperties(AbstractAutowireCapableBeanFactory.java:417)
	at org.springframework.test.context.support.DependencyInjectionTestExecutionListener.injectDependencies(DependencyInjectionTestExecutionListener.java:119)
	at org.springframework.test.context.support.DependencyInjectionTestExecutionListener.prepareTestInstance(DependencyInjectionTestExecutionListener.java:83)
	at org.springframework.boot.test.autoconfigure.SpringBootDependencyInjectionTestExecutionListener.prepareTestInstance(SpringBootDependencyInjectionTestExecutionListener.java:43)
	at org.springframework.test.context.TestContextManager.prepareTestInstance(TestContextManager.java:248)
	at org.springframework.test.context.junit4.SpringJUnit4ClassRunner.createTest(SpringJUnit4ClassRunner.java:227)
	at org.springframework.test.context.junit4.SpringJUnit4ClassRunner$1.runReflectiveCall(SpringJUnit4ClassRunner.java:289)
	at org.junit.internal.runners.model.ReflectiveCallable.run(ReflectiveCallable.java:12)
	at org.springframework.test.context.junit4.SpringJUnit4ClassRunner.methodBlock(SpringJUnit4ClassRunner.java:291)
	at org.springframework.test.context.junit4.SpringJUnit4ClassRunner.runChild(SpringJUnit4ClassRunner.java:246)
	at org.springframework.test.context.junit4.SpringJUnit4ClassRunner.runChild(SpringJUnit4ClassRunner.java:97)
	at org.junit.runners.ParentRunner$4.run(ParentRunner.java:331)
	at org.junit.runners.ParentRunner$1.schedule(ParentRunner.java:79)
	at org.junit.runners.ParentRunner.runChildren(ParentRunner.java:329)
	at org.junit.runners.ParentRunner.access$100(ParentRunner.java:66)
	at org.junit.runners.ParentRunner$2.evaluate(ParentRunner.java:293)
	at org.springframework.test.context.junit4.statements.RunBeforeTestClassCallbacks.evaluate(RunBeforeTestClassCallbacks.java:61)
	at org.springframework.test.context.junit4.statements.RunAfterTestClassCallbacks.evaluate(RunAfterTestClassCallbacks.java:70)
	at org.junit.runners.ParentRunner$3.evaluate(ParentRunner.java:306)
	at org.junit.runners.ParentRunner.run(ParentRunner.java:413)
	at org.springframework.test.context.junit4.SpringJUnit4ClassRunner.run(SpringJUnit4ClassRunner.java:190)
	at org.junit.runner.JUnitCore.run(JUnitCore.java:137)
	at com.intellij.junit4.JUnit4IdeaTestRunner.startRunnerWithArgs(JUnit4IdeaTestRunner.java:69)
	at com.intellij.rt.junit.IdeaTestRunner$Repeater$1.execute(IdeaTestRunner.java:38)
	at com.intellij.rt.execution.junit.TestsRepeater.repeat(TestsRepeater.java:11)
	at com.intellij.rt.junit.IdeaTestRunner$Repeater.startRunnerWithArgs(IdeaTestRunner.java:35)
	at com.intellij.rt.junit.JUnitStarter.prepareStreamsAndStart(JUnitStarter.java:232)
	at com.intellij.rt.junit.JUnitStarter.main(JUnitStarter.java:55)
Caused by: org.springframework.beans.factory.NoSuchBeanDefinitionException: No qualifying bean of type 'org.example.domain.activity.service.IndexGroupBuyMarketService' available: expected at least 1 bean which qualifies as autowire candidate. Dependency annotations: {@javax.annotation.Resource(shareable=true, lookup=, name=, description=, authenticationType=CONTAINER, type=class java.lang.Object, mappedName=)}
	at org.springframework.beans.factory.support.DefaultListableBeanFactory.raiseNoMatchingBeanFound(DefaultListableBeanFactory.java:1801)
	at org.springframework.beans.factory.support.DefaultListableBeanFactory.doResolveDependency(DefaultListableBeanFactory.java:1357)
	at org.springframework.beans.factory.support.DefaultListableBeanFactory.resolveDependency(DefaultListableBeanFactory.java:1311)
	at org.springframework.context.annotation.CommonAnnotationBeanPostProcessor.autowireResource(CommonAnnotationBeanPostProcessor.java:544)
	at org.springframework.context.annotation.CommonAnnotationBeanPostProcessor.getResource(CommonAnnotationBeanPostProcessor.java:520)
	at org.springframework.context.annotation.CommonAnnotationBeanPostProcessor$ResourceElement.getResourceToInject(CommonAnnotationBeanPostProcessor.java:673)
	at org.springframework.beans.factory.annotation.InjectionMetadata$InjectedElement.inject(InjectionMetadata.java:228)
	at org.springframework.beans.factory.annotation.InjectionMetadata.inject(InjectionMetadata.java:119)
	at org.springframework.context.annotation.CommonAnnotationBeanPostProcessor.postProcessProperties(CommonAnnotationBeanPostProcessor.java:329)
	... 29 common frames omitted
25-03-26.19:37:29.138 [main            ] INFO  IIndexGroupBuyMarketServiceTest - Starting IIndexGroupBuyMarketServiceTest using Java 1.8.0_202 on LAPTOP-MEFU2P1B with PID 29528 (started by 咳咳 in D:\Code\Develop\Java\xfg\group-buy-market-dcq\group-buy-market-dcq-app)
25-03-26.19:37:29.138 [main            ] INFO  IIndexGroupBuyMarketServiceTest - The following 1 profile is active: "dev"
25-03-26.19:37:30.732 [main            ] INFO  IIndexGroupBuyMarketServiceTest - Started IIndexGroupBuyMarketServiceTest in 1.813 seconds (JVM running for 2.251)
25-03-26.19:37:30.963 [pool-2-thread-1 ] INFO  HikariDataSource       - HikariPool-1 - Starting...
25-03-26.19:37:31.781 [pool-2-thread-1 ] INFO  HikariDataSource       - HikariPool-1 - Start completed.
25-03-26.19:37:31.813 [SpringApplicationShutdownHook] INFO  HikariDataSource       - HikariPool-1 - Shutdown initiated...
25-03-26.19:37:31.814 [SpringApplicationShutdownHook] INFO  HikariDataSource       - HikariPool-1 - Shutdown completed.
25-03-26.19:40:15.596 [main            ] INFO  IIndexGroupBuyMarketServiceTest - Starting IIndexGroupBuyMarketServiceTest using Java 1.8.0_202 on LAPTOP-MEFU2P1B with PID 27196 (started by 咳咳 in D:\Code\Develop\Java\xfg\group-buy-market-dcq\group-buy-market-dcq-app)
25-03-26.19:40:15.597 [main            ] INFO  IIndexGroupBuyMarketServiceTest - The following 1 profile is active: "dev"
25-03-26.19:40:16.836 [main            ] INFO  IIndexGroupBuyMarketServiceTest - Started IIndexGroupBuyMarketServiceTest in 1.46 seconds (JVM running for 1.887)
25-03-26.19:40:16.975 [pool-2-thread-1 ] INFO  HikariDataSource       - HikariPool-1 - Starting...
25-03-26.19:40:17.696 [pool-2-thread-1 ] INFO  HikariDataSource       - HikariPool-1 - Start completed.
25-03-26.19:40:17.794 [main            ] INFO  IIndexGroupBuyMarketServiceTest - 请求参数:{"channel":"c01","goodsId":"9890001","source":"s01","userId":"xiaofuge"}
25-03-26.19:40:17.798 [main            ] INFO  IIndexGroupBuyMarketServiceTest - 返回结果:{"deductionPrice":0.00,"endTime":1733537980000,"goodsId":"9890001","goodsName":"《手写MyBatis：渐进式源码实践》","isEnable":false,"isVisible":false,"originalPrice":100.00,"startTime":1733537980000,"targetCount":1}
25-03-26.19:40:17.802 [SpringApplicationShutdownHook] INFO  HikariDataSource       - HikariPool-1 - Shutdown initiated...
25-03-26.19:40:17.803 [SpringApplicationShutdownHook] INFO  HikariDataSource       - HikariPool-1 - Shutdown completed.
